#
# A fatal error has been detected by the Java Runtime Environment:
#
#  EXCEPTION_ACCESS_VIOLATION (0xc0000005) at pc=0x00007ffb38d55fac, pid=14280, tid=13580
#
# JRE version: OpenJDK Runtime Environment Corretto-17.0.4.9.1 (17.0.4.1+9) (build 17.0.4.1+9-LTS)
# Java VM: OpenJDK 64-Bit Server VM Corretto-17.0.4.9.1 (17.0.4.1+9-LTS, mixed mode, sharing, tiered, compressed oops, compressed class ptrs, g1 gc, windows-amd64)
# Problematic frame:
# C  [javafx_font.dll+0x5fac]
#
# No core dump will be written. Minidumps are not enabled by default on client versions of Windows
#
# If you would like to submit a bug report, please visit:
#   https://github.com/corretto/corretto-17/issues/
# The crash happened outside the Java Virtual Machine in native code.
# See problematic frame for where to report the bug.
#

---------------  S U M M A R Y ------------

Command Line: -agentlib:jdwp=transport=dt_socket,address=127.0.0.1:9269,suspend=y,server=n -javaagent:C:\Users\86136\AppData\Local\JetBrains\IntelliJIdea2021.3\captureAgent\debugger-agent.jar -Dfile.encoding=UTF-8 --module-path=C:\Users\86136\.m2\repository\com\neovisionaries\nv-websocket-client\2.14\nv-websocket-client-2.14.jar;C:\Users\86136\.m2\repository\org\apache\logging\log4j\log4j-api\2.20.0\log4j-api-2.20.0.jar;C:\Users\86136\.m2\repository\org\openjfx\javafx-base\21-ea+5\javafx-base-21-ea+5-win.jar;C:\Users\86136\.m2\repository\org\openjfx\javafx-controls\21-ea+5\javafx-controls-21-ea+5-win.jar;D:\code\java\Tetrecs_new\target\classes;C:\Users\86136\.m2\repository\org\openjfx\javafx-fxml\21-ea+5\javafx-fxml-21-ea+5-win.jar;C:\Users\86136\.m2\repository\org\openjfx\javafx-graphics\21-ea+5\javafx-graphics-21-ea+5-win.jar;C:\Users\86136\.m2\repository\org\openjfx\javafx-media\21-ea+5\javafx-media-21-ea+5-win.jar -Djdk.module.main=uk.ac.soton.comp1206 uk.ac.soton.comp1206/uk.ac.soton.comp1206.Launcher

Host: Intel(R) Core(TM) i5-1035G1 CPU @ 1.00GHz, 8 cores, 7G,  Windows 10 , 64 bit Build 19041 (10.0.19041.2788)
Time: Fri Apr 21 21:11:06 2023  Windows 10 , 64 bit Build 19041 (10.0.19041.2788) elapsed time: 46.112782 seconds (0d 0h 0m 46s)

---------------  T H R E A D  ---------------

Current thread (0x000002c1ec110170):  JavaThread "QuantumRenderer-0" daemon [_thread_in_native, id=13580, stack(0x000000d407200000,0x000000d407300000)]

Stack: [0x000000d407200000,0x000000d407300000],  sp=0x000000d4072fcb30,  free space=1010k
Native frames: (J=compiled Java code, j=interpreted, Vv=VM code, C=native code)
C  [javafx_font.dll+0x5fac]

Java frames: (J=compiled Java code, j=interpreted, Vv=VM code)
J 3057  com.sun.javafx.font.directwrite.OS.GetGlyphRunOutline(JFSZ)Lcom/sun/javafx/geom/Path2D; javafx.graphics@21-ea (0 bytes) @ 0x000002c1dcb3b877 [0x000002c1dcb3b820+0x0000000000000057]
J 4177 c2 com.sun.javafx.font.directwrite.IDWriteFontFace.GetGlyphRunOutline(FSZ)Lcom/sun/javafx/geom/Path2D; javafx.graphics@21-ea (11 bytes) @ 0x000002c1dcc32168 [0x000002c1dcc32120+0x0000000000000048]
J 3058 c1 com.sun.javafx.font.directwrite.DWFontFile.getGlyphOutline(IF)Lcom/sun/javafx/geom/Path2D; javafx.graphics@21-ea (35 bytes) @ 0x000002c1d5a8d14c [0x000002c1d5a8cca0+0x00000000000004ac]
J 3453 c1 com.sun.javafx.font.CompositeStrike.getOutline(Lcom/sun/javafx/scene/text/GlyphList;Lcom/sun/javafx/geom/transform/BaseTransform;Lcom/sun/javafx/geom/Path2D;)V javafx.graphics@21-ea (127 bytes) @ 0x000002c1d5b79f64 [0x000002c1d5b797e0+0x0000000000000784]
J 3452 c1 com.sun.javafx.font.CompositeStrike.getOutline(Lcom/sun/javafx/scene/text/GlyphList;Lcom/sun/javafx/geom/transform/BaseTransform;)Lcom/sun/javafx/geom/Shape; javafx.graphics@21-ea (17 bytes) @ 0x000002c1d5b790f4 [0x000002c1d5b78d00+0x00000000000003f4]
J 3111 c1 com.sun.javafx.sg.prism.NGText.renderText(Lcom/sun/prism/Graphics;Lcom/sun/javafx/font/FontStrike;Lcom/sun/javafx/geom/BaseBounds;Lcom/sun/prism/paint/Color;I)V javafx.graphics@21-ea (523 bytes) @ 0x000002c1d5ab8394 [0x000002c1d5ab7700+0x0000000000000c94]
J 3154 c1 com.sun.javafx.sg.prism.NGText.renderContent2D(Lcom/sun/prism/Graphics;Z)V javafx.graphics@21-ea (355 bytes) @ 0x000002c1d5ad3464 [0x000002c1d5ad2320+0x0000000000001144]
J 3125 c1 com.sun.javafx.sg.prism.NGShape.renderContent(Lcom/sun/prism/Graphics;)V javafx.graphics@21-ea (458 bytes) @ 0x000002c1d5ac32dc [0x000002c1d5ac0620+0x0000000000002cbc]
J 3544 c1 com.sun.javafx.sg.prism.NodeEffectInput.getImageDataForBoundedNode(Lcom/sun/scenario/effect/FilterContext;Lcom/sun/javafx/sg/prism/NGNode;Lcom/sun/javafx/sg/prism/NodeEffectInput$RenderType;Lcom/sun/javafx/geom/transform/BaseTransform;Lcom/sun/javafx/geom/Rectangle;)Lcom/sun/scenario/effect/ImageData; javafx.graphics@21-ea (137 bytes) @ 0x000002c1d5ba3bc4 [0x000002c1d5ba2ca0+0x0000000000000f24]
J 3457 c1 com.sun.javafx.sg.prism.NodeEffectInput.filter(Lcom/sun/scenario/effect/FilterContext;Lcom/sun/javafx/geom/transform/BaseTransform;Lcom/sun/javafx/geom/Rectangle;Ljava/lang/Object;Lcom/sun/scenario/effect/Effect;)Lcom/sun/scenario/effect/ImageData; javafx.graphics@21-ea (225 bytes) @ 0x000002c1d5b7c0cc [0x000002c1d5b7b600+0x0000000000000acc]
j  com.sun.scenario.effect.FilterEffect.filter(Lcom/sun/scenario/effect/FilterContext;Lcom/sun/javafx/geom/transform/BaseTransform;Lcom/sun/javafx/geom/Rectangle;Ljava/lang/Object;Lcom/sun/scenario/effect/Effect;)Lcom/sun/scenario/effect/ImageData;+111 javafx.graphics@21-ea
J 3497 c1 com.sun.scenario.effect.Offset.filter(Lcom/sun/scenario/effect/FilterContext;Lcom/sun/javafx/geom/transform/BaseTransform;Lcom/sun/javafx/geom/Rectangle;Ljava/lang/Object;Lcom/sun/scenario/effect/Effect;)Lcom/sun/scenario/effect/ImageData; javafx.graphics@21-ea (39 bytes) @ 0x000002c1d5b916ac [0x000002c1d5b91200+0x00000000000004ac]
J 3496 c1 com.sun.scenario.effect.Merge.filter(Lcom/sun/scenario/effect/FilterContext;Lcom/sun/javafx/geom/transform/BaseTransform;Lcom/sun/javafx/geom/Rectangle;Ljava/lang/Object;Lcom/sun/scenario/effect/Effect;)Lcom/sun/scenario/effect/ImageData; javafx.graphics@21-ea (195 bytes) @ 0x000002c1d5b8d524 [0x000002c1d5b8cda0+0x0000000000000784]
J 3495 c1 com.sun.scenario.effect.DelegateEffect.filter(Lcom/sun/scenario/effect/FilterContext;Lcom/sun/javafx/geom/transform/BaseTransform;Lcom/sun/javafx/geom/Rectangle;Ljava/lang/Object;Lcom/sun/scenario/effect/Effect;)Lcom/sun/scenario/effect/ImageData; javafx.graphics@21-ea (15 bytes) @ 0x000002c1d5b8c82c [0x000002c1d5b8c740+0x00000000000000ec]
J 3466 c1 com.sun.scenario.effect.impl.prism.PrEffectHelper.render(Lcom/sun/scenario/effect/Effect;Lcom/sun/prism/Graphics;FFLcom/sun/scenario/effect/Effect;)V javafx.graphics@21-ea (626 bytes) @ 0x000002c1d5b81fbc [0x000002c1d5b7f960+0x000000000000265c]
J 3322 c1 com.sun.javafx.sg.prism.EffectFilter.render(Lcom/sun/prism/Graphics;)V javafx.graphics@21-ea (21 bytes) @ 0x000002c1d5b3d56c [0x000002c1d5b3d4a0+0x00000000000000cc]
J 3383 c1 com.sun.javafx.sg.prism.NGNode.renderEffect(Lcom/sun/prism/Graphics;)V javafx.graphics@21-ea (9 bytes) @ 0x000002c1d5b523f4 [0x000002c1d5b52340+0x00000000000000b4]
j  com.sun.javafx.sg.prism.NGText.renderEffect(Lcom/sun/prism/Graphics;)V+19 javafx.graphics@21-ea
J 4396 c1 com.sun.javafx.sg.prism.NGNode.doRender(Lcom/sun/prism/Graphics;)V javafx.graphics@21-ea (473 bytes) @ 0x000002c1d5d4d7e4 [0x000002c1d5d4bf40+0x00000000000018a4]
J 4011 c1 com.sun.javafx.sg.prism.NGNode.render(Lcom/sun/prism/Graphics;)V javafx.graphics@21-ea (39 bytes) @ 0x000002c1d5c6d81c [0x000002c1d5c6d580+0x000000000000029c]
J 3056 c1 com.sun.javafx.sg.prism.NGGroup.renderContent(Lcom/sun/prism/Graphics;)V javafx.graphics@21-ea (422 bytes) @ 0x000002c1d5a89364 [0x000002c1d5a88440+0x0000000000000f24]
J 3067 c1 com.sun.javafx.sg.prism.NGRegion.renderContent(Lcom/sun/prism/Graphics;)V javafx.graphics@21-ea (115 bytes) @ 0x000002c1d5a92bcc [0x000002c1d5a91ac0+0x000000000000110c]
J 4396 c1 com.sun.javafx.sg.prism.NGNode.doRender(Lcom/sun/prism/Graphics;)V javafx.graphics@21-ea (473 bytes) @ 0x000002c1d5d4d8bc [0x000002c1d5d4bf40+0x000000000000197c]
J 4011 c1 com.sun.javafx.sg.prism.NGNode.render(Lcom/sun/prism/Graphics;)V javafx.graphics@21-ea (39 bytes) @ 0x000002c1d5c6d81c [0x000002c1d5c6d580+0x000000000000029c]
J 3056 c1 com.sun.javafx.sg.prism.NGGroup.renderContent(Lcom/sun/prism/Graphics;)V javafx.graphics@21-ea (422 bytes) @ 0x000002c1d5a89364 [0x000002c1d5a88440+0x0000000000000f24]
J 3067 c1 com.sun.javafx.sg.prism.NGRegion.renderContent(Lcom/sun/prism/Graphics;)V javafx.graphics@21-ea (115 bytes) @ 0x000002c1d5a92bcc [0x000002c1d5a91ac0+0x000000000000110c]
J 4396 c1 com.sun.javafx.sg.prism.NGNode.doRender(Lcom/sun/prism/Graphics;)V javafx.graphics@21-ea (473 bytes) @ 0x000002c1d5d4d8bc [0x000002c1d5d4bf40+0x000000000000197c]
J 4011 c1 com.sun.javafx.sg.prism.NGNode.render(Lcom/sun/prism/Graphics;)V javafx.graphics@21-ea (39 bytes) @ 0x000002c1d5c6d81c [0x000002c1d5c6d580+0x000000000000029c]
J 3056 c1 com.sun.javafx.sg.prism.NGGroup.renderContent(Lcom/sun/prism/Graphics;)V javafx.graphics@21-ea (422 bytes) @ 0x000002c1d5a89364 [0x000002c1d5a88440+0x0000000000000f24]
J 3067 c1 com.sun.javafx.sg.prism.NGRegion.renderContent(Lcom/sun/prism/Graphics;)V javafx.graphics@21-ea (115 bytes) @ 0x000002c1d5a92bcc [0x000002c1d5a91ac0+0x000000000000110c]
J 4396 c1 com.sun.javafx.sg.prism.NGNode.doRender(Lcom/sun/prism/Graphics;)V javafx.graphics@21-ea (473 bytes) @ 0x000002c1d5d4d8bc [0x000002c1d5d4bf40+0x000000000000197c]
J 4011 c1 com.sun.javafx.sg.prism.NGNode.render(Lcom/sun/prism/Graphics;)V javafx.graphics@21-ea (39 bytes) @ 0x000002c1d5c6d81c [0x000002c1d5c6d580+0x000000000000029c]
J 3056 c1 com.sun.javafx.sg.prism.NGGroup.renderContent(Lcom/sun/prism/Graphics;)V javafx.graphics@21-ea (422 bytes) @ 0x000002c1d5a89364 [0x000002c1d5a88440+0x0000000000000f24]
J 3067 c1 com.sun.javafx.sg.prism.NGRegion.renderContent(Lcom/sun/prism/Graphics;)V javafx.graphics@21-ea (115 bytes) @ 0x000002c1d5a92bcc [0x000002c1d5a91ac0+0x000000000000110c]
J 4396 c1 com.sun.javafx.sg.prism.NGNode.doRender(Lcom/sun/prism/Graphics;)V javafx.graphics@21-ea (473 bytes) @ 0x000002c1d5d4d8bc [0x000002c1d5d4bf40+0x000000000000197c]
J 4011 c1 com.sun.javafx.sg.prism.NGNode.render(Lcom/sun/prism/Graphics;)V javafx.graphics@21-ea (39 bytes) @ 0x000002c1d5c6d81c [0x000002c1d5c6d580+0x000000000000029c]
j  com.sun.javafx.tk.quantum.ViewPainter.doPaint(Lcom/sun/prism/Graphics;Lcom/sun/javafx/sg/prism/NodePath;)V+202 javafx.graphics@21-ea
j  com.sun.javafx.tk.quantum.ViewPainter.paintImpl(Lcom/sun/prism/Graphics;)V+976 javafx.graphics@21-ea
j  com.sun.javafx.tk.quantum.PresentingPainter.run()V+331 javafx.graphics@21-ea
j  java.util.concurrent.Executors$RunnableAdapter.call()Ljava/lang/Object;+4 java.base@17.0.4.1
j  java.util.concurrent.FutureTask.runAndReset$$$capture()Z+44 java.base@17.0.4.1
j  java.util.concurrent.FutureTask.runAndReset()Z+5 java.base@17.0.4.1
j  com.sun.javafx.tk.RenderJob.run()V+1 javafx.graphics@21-ea
j  java.util.concurrent.ThreadPoolExecutor.runWorker(Ljava/util/concurrent/ThreadPoolExecutor$Worker;)V+92 java.base@17.0.4.1
j  java.util.concurrent.ThreadPoolExecutor$Worker.run()V+5 java.base@17.0.4.1
j  com.sun.javafx.tk.quantum.QuantumRenderer$PipelineRunnable.run()V+8 javafx.graphics@21-ea
j  java.lang.Thread.run()V+11 java.base@17.0.4.1
v  ~StubRoutines::call_stub

siginfo: EXCEPTION_ACCESS_VIOLATION (0xc0000005), reading address 0x0000000000000000


Register to memory mapping:

RIP=0x00007ffb38d55fac javafx_font.dll
RAX=0x0 is NULL
RBX=0x000002c1f367b750 points into unknown readable memory: 0x00007ffb38d5bd30 | 30 bd d5 38 fb 7f 00 00
RCX=0x0 is NULL
RDX=0x000000000014004e is an unknown value
RSP=0x000000d4072fcb30 is pointing into the stack for thread: 0x000002c1ec110170
RBP=0x000000d4072fcc20 is pointing into the stack for thread: 0x000002c1ec110170
RSI=0x0 is NULL
RDI=0x000002c1ec110418 points into unknown readable memory: 0x00007ffad69d12a0 | a0 12 9d d6 fa 7f 00 00
R8 =0x000000d4072fcbd0 is pointing into the stack for thread: 0x000002c1ec110170
R9 =0x0 is NULL
R10=0x0 is NULL
R11=0xf8f6ddc7cf66a56f is an unknown value
R12=0x00007ffb38d5bd30 javafx_font.dll
R13=0x000000008a3bf7a0 is an oop: java.util.HashMap$Node 
{0x000000008a3bf7a0} - klass: 'java/util/HashMap$Node'
 - ---- fields (total size 4 words):
 - final 'hash' 'I' @12  121 (79)
 - final 'key' 'Ljava/lang/Object;' @16  a 'java/lang/Integer'{0x0000000084aefae8} = 121 (84aefae8)
 - 'value' 'Ljava/lang/Object;' @20  a 'com/sun/javafx/font/directwrite/DWGlyph'{0x000000008a3bf700} (8a3bf700)
 - 'next' 'Ljava/util/HashMap$Node;' @24  NULL (0)
R14=0x0 is NULL
R15=0x0 is NULL


Registers:
RAX=0x0000000000000000, RBX=0x000002c1f367b750, RCX=0x0000000000000000, RDX=0x000000000014004e
RSP=0x000000d4072fcb30, RBP=0x000000d4072fcc20, RSI=0x0000000000000000, RDI=0x000002c1ec110418
R8 =0x000000d4072fcbd0, R9 =0x0000000000000000, R10=0x0000000000000000, R11=0xf8f6ddc7cf66a56f
R12=0x00007ffb38d5bd30, R13=0x000000008a3bf7a0, R14=0x0000000000000000, R15=0x0000000000000000
RIP=0x00007ffb38d55fac, EFLAGS=0x0000000000010246

Top of Stack: (sp=0x000000d4072fcb30)
0x000000d4072fcb30:   000002c1f367b430 000002c100000000
0x000000d4072fcb40:   000002c1ecf40a60 0000000000000000
0x000000d4072fcb50:   000002c1eb5e8a90 0000000000000021
0x000000d4072fcb60:   000002c1eb5e8a98 0000000000000000
0x000000d4072fcb70:   000002c1f367b750 000002c1d5a55e9c
0x000000d4072fcb80:   0000000000000000 0000000000000000
0x000000d4072fcb90:   000002c1ec110170 000000d4072fcc10
0x000000d4072fcba0:   0000000000000130 000002c1dcb3b925
0x000000d4072fcbb0:   000000d4072fcc20 0000000000000000
0x000000d4072fcbc0:   0000000000000079 000002c1f77e08a0
0x000000d4072fcbd0:   0000000000000079 0000000000000000
0x000000d4072fcbe0:   000000000000000f 000000008a3bd0a8
0x000000d4072fcbf0:   000000008a3bcdd0 000000008a3bcdd0
0x000000d4072fcc00:   0000000084aefae8 000000008a3bd0a8
0x000000d4072fcc10:   0000000088b04c40 0000000000000000
0x000000d4072fcc20:   0000000088b04e70 000002c1dcc32168 

Instructions: (pc=0x00007ffb38d55fac)
0x00007ffb38d55eac:   cb ff 90 28 06 00 00 48 8b 94 24 c8 01 00 00 48
0x00007ffb38d55ebc:   85 d2 74 1f 48 8b 8c 24 c8 00 00 00 48 85 c9 74
0x00007ffb38d55ecc:   12 48 8b 03 4c 8b c1 45 33 c9 48 8b cb ff 90 28
0x00007ffb38d55edc:   06 00 00 48 8b 9c 24 20 01 00 00 8b c5 48 81 c4
0x00007ffb38d55eec:   e0 00 00 00 41 5f 41 5e 41 5d 41 5c 5f 5e 5d c3
0x00007ffb38d55efc:   cc cc cc cc 48 89 5c 24 18 48 89 74 24 20 57 41
0x00007ffb38d55f0c:   56 41 57 48 83 ec 60 0f b7 84 24 a0 00 00 00 48
0x00007ffb38d55f1c:   8d 15 2e 63 00 00 45 33 ff 0f 29 74 24 50 48 8b
0x00007ffb38d55f2c:   f9 66 89 84 24 a0 00 00 00 0f 28 f3 49 8b f0 45
0x00007ffb38d55f3c:   8b f7 41 8d 4f 40 e8 15 2f 00 00 48 8b d8 48 85
0x00007ffb38d55f4c:   c0 0f 84 bc 02 00 00 48 89 5c 24 40 4c 8d 84 24
0x00007ffb38d55f5c:   a0 00 00 00 44 89 78 08 45 33 c9 44 89 7c 24 38
0x00007ffb38d55f6c:   0f 28 ce 48 89 ac 24 80 00 00 00 48 8b ce 4c 89
0x00007ffb38d55f7c:   a4 24 88 00 00 00 4c 8d 25 a7 5d 00 00 4c 89 20
0x00007ffb38d55f8c:   4c 89 78 10 4c 89 78 18 4c 89 78 20 4c 89 78 28
0x00007ffb38d55f9c:   4c 89 78 30 4c 89 78 38 0f b6 84 24 a8 00 00 00
0x00007ffb38d55fac:   48 8b 16 89 44 24 30 c7 44 24 28 01 00 00 00 4c
0x00007ffb38d55fbc:   89 7c 24 20 ff 52 70 4c 39 3d 16 a5 00 00 8b e8
0x00007ffb38d55fcc:   0f 85 b6 00 00 00 48 8b 07 48 8d 15 b4 5d 00 00
0x00007ffb38d55fdc:   48 8b cf ff 50 30 48 8b f0 48 8b cf 48 8b 07 ff
0x00007ffb38d55fec:   50 78 48 85 c0 75 76 48 85 f6 74 71 48 8b 07 48
0x00007ffb38d55ffc:   8b d6 48 8b cf ff 90 a8 00 00 00 4c 8b 17 4c 8d
0x00007ffb38d5600c:   0d d7 5d 00 00 4c 8d 05 fc 46 00 00 48 89 05 c1
0x00007ffb38d5601c:   a4 00 00 48 8b d0 48 8b cf 41 ff 92 08 01 00 00
0x00007ffb38d5602c:   48 89 05 b5 a4 00 00 48 8b cf 48 8b 07 ff 50 78
0x00007ffb38d5603c:   48 85 c0 75 09 4c 39 3d a0 a4 00 00 75 3e b9 02
0x00007ffb38d5604c:   00 00 00 ff 15 fb 41 00 00 48 8b c8 48 8d 15 99
0x00007ffb38d5605c:   5d 00 00 e8 ac 16 00 00 e9 f7 00 00 00 b9 02 00
0x00007ffb38d5606c:   00 00 ff 15 dc 41 00 00 48 8b c8 48 8d 15 32 5d
0x00007ffb38d5607c:   00 00 e8 8d 16 00 00 e9 d8 00 00 00 85 ed 0f 88
0x00007ffb38d5608c:   d0 00 00 00 48 8b 53 18 48 8b cf 48 8b 07 48 2b
0x00007ffb38d5609c:   53 10 ff 90 80 05 00 00 48 8b 53 30 48 8b cf 48 


Stack slot to memory mapping:
stack at sp + 0 slots: 0x000002c1f367b430 points into unknown readable memory: 0x00007ffb38d5bd30 | 30 bd d5 38 fb 7f 00 00
stack at sp + 1 slots: 0x000002c100000000 is an unknown value
stack at sp + 2 slots: 0x000002c1ecf40a60 points into unknown readable memory: 0x000002c1ee1c3528 | 28 35 1c ee c1 02 00 00
stack at sp + 3 slots: 0x0 is NULL
stack at sp + 4 slots: 0x000002c1eb5e8a90 points into unknown readable memory: 0x00000000897cc8a0 | a0 c8 7c 89 00 00 00 00
stack at sp + 5 slots: 0x0000000000000021 is an unknown value
stack at sp + 6 slots: 0x000002c1eb5e8a98 points into unknown readable memory: 0x00000000897cc8d8 | d8 c8 7c 89 00 00 00 00
stack at sp + 7 slots: 0x0 is NULL


---------------  P R O C E S S  ---------------

Threads class SMR info:
_java_thread_list=0x000002c1ec2c5e30, length=24, elements={
0x000002c1cd412470, 0x000002c1eb5e61d0, 0x000002c1eb5e7b90, 0x000002c1eb5fe5e0,
0x000002c1eb5feea0, 0x000002c1eb601860, 0x000002c1eb602210, 0x000002c1eb602ef0,
0x000002c1eb6059a0, 0x000002c1eb60a3a0, 0x000002c1eb5d3d10, 0x000002c1ec6378f0,
0x000002c1ec6a5a50, 0x000002c1ec9bc010, 0x000002c1ec110170, 0x000002c1ecec1020,
0x000002c1ecec2620, 0x000002c1ed3590d0, 0x000002c1edbce990, 0x000002c1cd3fa730,
0x000002c1cd3f6d70, 0x000002c1cd3f7710, 0x000002c1cd3f8580, 0x000002c1f3e211d0
}

Java Threads: ( => current thread )
  0x000002c1cd412470 JavaThread "main" [_thread_blocked, id=8384, stack(0x000000d406100000,0x000000d406200000)]
  0x000002c1eb5e61d0 JavaThread "Reference Handler" daemon [_thread_blocked, id=1124, stack(0x000000d406800000,0x000000d406900000)]
  0x000002c1eb5e7b90 JavaThread "Finalizer" daemon [_thread_blocked, id=10860, stack(0x000000d406900000,0x000000d406a00000)]
  0x000002c1eb5fe5e0 JavaThread "Signal Dispatcher" daemon [_thread_blocked, id=7680, stack(0x000000d406a00000,0x000000d406b00000)]
  0x000002c1eb5feea0 JavaThread "Attach Listener" daemon [_thread_blocked, id=8500, stack(0x000000d406b00000,0x000000d406c00000)]
  0x000002c1eb601860 JavaThread "Service Thread" daemon [_thread_blocked, id=7068, stack(0x000000d406c00000,0x000000d406d00000)]
  0x000002c1eb602210 JavaThread "Monitor Deflation Thread" daemon [_thread_blocked, id=10836, stack(0x000000d406d00000,0x000000d406e00000)]
  0x000002c1eb602ef0 JavaThread "C2 CompilerThread0" daemon [_thread_blocked, id=11700, stack(0x000000d406e00000,0x000000d406f00000)]
  0x000002c1eb6059a0 JavaThread "C1 CompilerThread0" daemon [_thread_blocked, id=13228, stack(0x000000d406f00000,0x000000d407000000)]
  0x000002c1eb60a3a0 JavaThread "Sweeper thread" daemon [_thread_blocked, id=3640, stack(0x000000d407000000,0x000000d407100000)]
  0x000002c1eb5d3d10 JavaThread "Common-Cleaner" daemon [_thread_blocked, id=4424, stack(0x000000d407100000,0x000000d407200000)]
  0x000002c1ec6378f0 JavaThread "JDWP Event Helper Thread" daemon [_thread_blocked, id=2980, stack(0x000000d407500000,0x000000d407600000)]
  0x000002c1ec6a5a50 JavaThread "Notification Thread" daemon [_thread_blocked, id=3928, stack(0x000000d407700000,0x000000d407800000)]
  0x000002c1ec9bc010 JavaThread "JavaFX-Launcher" [_thread_blocked, id=11196, stack(0x000000d408000000,0x000000d408100000)]
=>0x000002c1ec110170 JavaThread "QuantumRenderer-0" daemon [_thread_in_native, id=13580, stack(0x000000d407200000,0x000000d407300000)]
  0x000002c1ecec1020 JavaThread "InvokeLaterDispatcher" daemon [_thread_blocked, id=2752, stack(0x000000d407300000,0x000000d407400000)]
  0x000002c1ecec2620 JavaThread "JavaFX Application Thread" [_thread_in_native, id=6748, stack(0x000000d408100000,0x000000d408200000)]
  0x000002c1ed3590d0 JavaThread "Thread-2" daemon [_thread_in_native, id=3332, stack(0x000000d408500000,0x000000d408600000)]
  0x000002c1edbce990 JavaThread "Prism Font Disposer" daemon [_thread_blocked, id=12804, stack(0x000000d408700000,0x000000d408800000)]
  0x000002c1cd3fa730 JavaThread "Cleaner-0" daemon [_thread_blocked, id=536, stack(0x000000d408d00000,0x000000d408e00000)]
  0x000002c1cd3f6d70 JavaThread "JFXMedia Player EventQueueThread" daemon [_thread_blocked, id=7348, stack(0x000000d408f00000,0x000000d409000000)]
  0x000002c1cd3f7710 JavaThread "Media Resource Disposer" daemon [_thread_blocked, id=7296, stack(0x000000d409400000,0x000000d409500000)]
  0x000002c1cd3f8580 JavaThread "Timer-0" daemon [_thread_blocked, id=4148, stack(0x000000d409800000,0x000000d409900000)]
  0x000002c1f3e211d0 JavaThread "SIGINT handler" daemon [_thread_blocked, id=13432, stack(0x000000d407400000,0x000000d407500000)]

Other Threads:
  0x000002c1eb5e1720 VMThread "VM Thread" [stack: 0x000000d406700000,0x000000d406800000] [id=9168]
  0x000002c1cd486410 WatcherThread [stack: 0x000000d407800000,0x000000d407900000] [id=6652]
  0x000002c1cd46cd40 GCTaskThread "GC Thread#0" [stack: 0x000000d406200000,0x000000d406300000] [id=11788]
  0x000002c1ec7cb600 GCTaskThread "GC Thread#1" [stack: 0x000000d407900000,0x000000d407a00000] [id=7976]
  0x000002c1ec8219b0 GCTaskThread "GC Thread#2" [stack: 0x000000d407a00000,0x000000d407b00000] [id=12096]
  0x000002c1ec87bfa0 GCTaskThread "GC Thread#3" [stack: 0x000000d407b00000,0x000000d407c00000] [id=6756]
  0x000002c1ec87c250 GCTaskThread "GC Thread#4" [stack: 0x000000d407c00000,0x000000d407d00000] [id=13272]
  0x000002c1ec87cd20 GCTaskThread "GC Thread#5" [stack: 0x000000d407d00000,0x000000d407e00000] [id=1524]
  0x000002c1ec87d1e0 GCTaskThread "GC Thread#6" [stack: 0x000000d407e00000,0x000000d407f00000] [id=10420]
  0x000002c1ec87e300 GCTaskThread "GC Thread#7" [stack: 0x000000d407f00000,0x000000d408000000] [id=3680]
  0x000002c1cd47f360 ConcurrentGCThread "G1 Main Marker" [stack: 0x000000d406300000,0x000000d406400000] [id=9608]
  0x000002c1cd480510 ConcurrentGCThread "G1 Conc#0" [stack: 0x000000d406400000,0x000000d406500000] [id=10568]
  0x000002c1ec87dda0 ConcurrentGCThread "G1 Conc#1" [stack: 0x000000d408c00000,0x000000d408d00000] [id=13112]
  0x000002c1cd4ee6a0 ConcurrentGCThread "G1 Refine#0" [stack: 0x000000d406500000,0x000000d406600000] [id=4196]
  0x000002c1eb48c270 ConcurrentGCThread "G1 Service" [stack: 0x000000d406600000,0x000000d406700000] [id=11488]

Threads with active compile tasks:

VM state: not at safepoint (normal execution)

VM Mutex/Monitor currently owned by a thread: None

Heap address: 0x0000000084a00000, size: 1974 MB, Compressed Oops mode: 32-bit

CDS archive(s) mapped at: [0x0000000800000000-0x0000000800bc0000-0x0000000800bc0000), size 12320768, SharedBaseAddress: 0x0000000800000000, ArchiveRelocationMode: 0.
Compressed class space mapped at: 0x0000000800c00000-0x0000000840c00000, reserved size: 1073741824
Narrow klass base: 0x0000000800000000, Narrow klass shift: 0, Narrow klass range: 0x100000000

GC Precious Log:
 CPUs: 8 total, 8 available
 Memory: 7894M
 Large Page Support: Disabled
 NUMA Support: Disabled
 Compressed Oops: Enabled (32-bit)
 Heap Region Size: 1M
 Heap Min Capacity: 8M
 Heap Initial Capacity: 124M
 Heap Max Capacity: 1974M
 Pre-touch: Disabled
 Parallel Workers: 8
 Concurrent Workers: 2
 Concurrent Refinement Workers: 8
 Periodic GC: Disabled

Heap:
 garbage-first heap   total 116736K, used 74516K [0x0000000084a00000, 0x0000000100000000)
  region size 1024K, 7 young (7168K), 6 survivors (6144K)
 Metaspace       used 24586K, committed 24896K, reserved 1073152K
  class space    used 3480K, committed 3584K, reserved 1048576K

Heap Regions: E=young(eden), S=young(survivor), O=old, HS=humongous(starts), HC=humongous(continues), CS=collection set, F=free, OA=open archive, CA=closed archive, TAMS=top-at-mark-start (previous, next)
|   0|0x0000000084a00000, 0x0000000084b00000, 0x0000000084b00000|100%| O|  |TAMS 0x0000000084b00000, 0x0000000084a00000| Untracked 
|   1|0x0000000084b00000, 0x0000000084c00000, 0x0000000084c00000|100%| O|  |TAMS 0x0000000084c00000, 0x0000000084b00000| Untracked 
|   2|0x0000000084c00000, 0x0000000084cbde00, 0x0000000084d00000| 74%| O|  |TAMS 0x0000000084cbde00, 0x0000000084c00000| Complete 
|   3|0x0000000084d00000, 0x0000000084e00000, 0x0000000084e00000|100%|HS|  |TAMS 0x0000000084e00000, 0x0000000084d00000| Complete 
|   4|0x0000000084e00000, 0x0000000084f00000, 0x0000000084f00000|100%|HC|  |TAMS 0x0000000084f00000, 0x0000000084e00000| Complete 
|   5|0x0000000084f00000, 0x0000000085000000, 0x0000000085000000|100%|HS|  |TAMS 0x0000000085000000, 0x0000000084f00000| Complete 
|   6|0x0000000085000000, 0x0000000085100000, 0x0000000085100000|100%|HC|  |TAMS 0x0000000085100000, 0x0000000085000000| Complete 
|   7|0x0000000085100000, 0x0000000085200000, 0x0000000085200000|100%|HC|  |TAMS 0x0000000085200000, 0x0000000085100000| Complete 
|   8|0x0000000085200000, 0x0000000085300000, 0x0000000085300000|100%|HC|  |TAMS 0x0000000085300000, 0x0000000085200000| Complete 
|   9|0x0000000085300000, 0x0000000085400000, 0x0000000085400000|100%|HC|  |TAMS 0x0000000085400000, 0x0000000085300000| Complete 
|  10|0x0000000085400000, 0x0000000085500000, 0x0000000085500000|100%|HC|  |TAMS 0x0000000085500000, 0x0000000085400000| Complete 
|  11|0x0000000085500000, 0x0000000085600000, 0x0000000085600000|100%|HC|  |TAMS 0x0000000085600000, 0x0000000085500000| Complete 
|  12|0x0000000085600000, 0x0000000085700000, 0x0000000085700000|100%|HC|  |TAMS 0x0000000085700000, 0x0000000085600000| Complete 
|  13|0x0000000085700000, 0x0000000085800000, 0x0000000085800000|100%|HC|  |TAMS 0x0000000085800000, 0x0000000085700000| Complete 
|  14|0x0000000085800000, 0x0000000085900000, 0x0000000085900000|100%|HC|  |TAMS 0x0000000085900000, 0x0000000085800000| Complete 
|  15|0x0000000085900000, 0x0000000085a00000, 0x0000000085a00000|100%|HC|  |TAMS 0x0000000085a00000, 0x0000000085900000| Complete 
|  16|0x0000000085a00000, 0x0000000085b00000, 0x0000000085b00000|100%|HC|  |TAMS 0x0000000085b00000, 0x0000000085a00000| Complete 
|  17|0x0000000085b00000, 0x0000000085c00000, 0x0000000085c00000|100%|HC|  |TAMS 0x0000000085c00000, 0x0000000085b00000| Complete 
|  18|0x0000000085c00000, 0x0000000085d00000, 0x0000000085d00000|100%|HC|  |TAMS 0x0000000085d00000, 0x0000000085c00000| Complete 
|  19|0x0000000085d00000, 0x0000000085e00000, 0x0000000085e00000|100%|HC|  |TAMS 0x0000000085e00000, 0x0000000085d00000| Complete 
|  20|0x0000000085e00000, 0x0000000085f00000, 0x0000000085f00000|100%|HC|  |TAMS 0x0000000085f00000, 0x0000000085e00000| Complete 
|  21|0x0000000085f00000, 0x0000000086000000, 0x0000000086000000|100%|HS|  |TAMS 0x0000000086000000, 0x0000000085f00000| Complete 
|  22|0x0000000086000000, 0x0000000086100000, 0x0000000086100000|100%|HC|  |TAMS 0x0000000086100000, 0x0000000086000000| Complete 
|  23|0x0000000086100000, 0x0000000086200000, 0x0000000086200000|100%|HC|  |TAMS 0x0000000086200000, 0x0000000086100000| Complete 
|  24|0x0000000086200000, 0x0000000086300000, 0x0000000086300000|100%|HC|  |TAMS 0x0000000086300000, 0x0000000086200000| Complete 
|  25|0x0000000086300000, 0x0000000086400000, 0x0000000086400000|100%|HC|  |TAMS 0x0000000086400000, 0x0000000086300000| Complete 
|  26|0x0000000086400000, 0x0000000086500000, 0x0000000086500000|100%|HC|  |TAMS 0x0000000086500000, 0x0000000086400000| Complete 
|  27|0x0000000086500000, 0x0000000086600000, 0x0000000086600000|100%|HS|  |TAMS 0x0000000086500000, 0x0000000086500000| Complete 
|  28|0x0000000086600000, 0x0000000086700000, 0x0000000086700000|100%|HC|  |TAMS 0x0000000086600000, 0x0000000086600000| Complete 
|  29|0x0000000086700000, 0x0000000086800000, 0x0000000086800000|100%|HS|  |TAMS 0x0000000086700000, 0x0000000086700000| Complete 
|  30|0x0000000086800000, 0x0000000086900000, 0x0000000086900000|100%|HC|  |TAMS 0x0000000086800000, 0x0000000086800000| Complete 
|  31|0x0000000086900000, 0x0000000086a00000, 0x0000000086a00000|100%|HC|  |TAMS 0x0000000086900000, 0x0000000086900000| Complete 
|  32|0x0000000086a00000, 0x0000000086b00000, 0x0000000086b00000|100%|HC|  |TAMS 0x0000000086a00000, 0x0000000086a00000| Complete 
|  33|0x0000000086b00000, 0x0000000086c00000, 0x0000000086c00000|100%|HC|  |TAMS 0x0000000086b00000, 0x0000000086b00000| Complete 
|  34|0x0000000086c00000, 0x0000000086d00000, 0x0000000086d00000|100%|HC|  |TAMS 0x0000000086c00000, 0x0000000086c00000| Complete 
|  35|0x0000000086d00000, 0x0000000086e00000, 0x0000000086e00000|100%|HS|  |TAMS 0x0000000086d00000, 0x0000000086d00000| Complete 
|  36|0x0000000086e00000, 0x0000000086f00000, 0x0000000086f00000|100%|HC|  |TAMS 0x0000000086e00000, 0x0000000086e00000| Complete 
|  37|0x0000000086f00000, 0x0000000087000000, 0x0000000087000000|100%|HC|  |TAMS 0x0000000086f00000, 0x0000000086f00000| Complete 
|  38|0x0000000087000000, 0x0000000087100000, 0x0000000087100000|100%|HC|  |TAMS 0x0000000087000000, 0x0000000087000000| Complete 
|  39|0x0000000087100000, 0x0000000087200000, 0x0000000087200000|100%|HC|  |TAMS 0x0000000087100000, 0x0000000087100000| Complete 
|  40|0x0000000087200000, 0x0000000087300000, 0x0000000087300000|100%|HC|  |TAMS 0x0000000087200000, 0x0000000087200000| Complete 
|  41|0x0000000087300000, 0x0000000087400000, 0x0000000087400000|100%|HS|  |TAMS 0x0000000087300000, 0x0000000087300000| Complete 
|  42|0x0000000087400000, 0x0000000087500000, 0x0000000087500000|100%|HC|  |TAMS 0x0000000087400000, 0x0000000087400000| Complete 
|  43|0x0000000087500000, 0x0000000087600000, 0x0000000087600000|100%|HC|  |TAMS 0x0000000087500000, 0x0000000087500000| Complete 
|  44|0x0000000087600000, 0x0000000087700000, 0x0000000087700000|100%|HC|  |TAMS 0x0000000087600000, 0x0000000087600000| Complete 
|  45|0x0000000087700000, 0x0000000087800000, 0x0000000087800000|100%|HC|  |TAMS 0x0000000087700000, 0x0000000087700000| Complete 
|  46|0x0000000087800000, 0x0000000087900000, 0x0000000087900000|100%|HC|  |TAMS 0x0000000087800000, 0x0000000087800000| Complete 
|  47|0x0000000087900000, 0x0000000087a00000, 0x0000000087a00000|100%|HS|  |TAMS 0x0000000087900000, 0x0000000087900000| Complete 
|  48|0x0000000087a00000, 0x0000000087b00000, 0x0000000087b00000|100%|HC|  |TAMS 0x0000000087a00000, 0x0000000087a00000| Complete 
|  49|0x0000000087b00000, 0x0000000087c00000, 0x0000000087c00000|100%|HC|  |TAMS 0x0000000087b00000, 0x0000000087b00000| Complete 
|  50|0x0000000087c00000, 0x0000000087d00000, 0x0000000087d00000|100%|HC|  |TAMS 0x0000000087c00000, 0x0000000087c00000| Complete 
|  51|0x0000000087d00000, 0x0000000087e00000, 0x0000000087e00000|100%|HC|  |TAMS 0x0000000087d00000, 0x0000000087d00000| Complete 
|  52|0x0000000087e00000, 0x0000000087f00000, 0x0000000087f00000|100%|HC|  |TAMS 0x0000000087e00000, 0x0000000087e00000| Complete 
|  53|0x0000000087f00000, 0x0000000088000000, 0x0000000088000000|100%|HS|  |TAMS 0x0000000087f00000, 0x0000000087f00000| Complete 
|  54|0x0000000088000000, 0x0000000088100000, 0x0000000088100000|100%|HC|  |TAMS 0x0000000088000000, 0x0000000088000000| Complete 
|  55|0x0000000088100000, 0x0000000088200000, 0x0000000088200000|100%|HC|  |TAMS 0x0000000088100000, 0x0000000088100000| Complete 
|  56|0x0000000088200000, 0x0000000088300000, 0x0000000088300000|100%|HC|  |TAMS 0x0000000088200000, 0x0000000088200000| Complete 
|  57|0x0000000088300000, 0x0000000088400000, 0x0000000088400000|100%|HC|  |TAMS 0x0000000088300000, 0x0000000088300000| Complete 
|  58|0x0000000088400000, 0x0000000088500000, 0x0000000088500000|100%|HC|  |TAMS 0x0000000088400000, 0x0000000088400000| Complete 
|  59|0x0000000088500000, 0x0000000088600000, 0x0000000088600000|100%|HS|  |TAMS 0x0000000088500000, 0x0000000088500000| Complete 
|  60|0x0000000088600000, 0x0000000088700000, 0x0000000088700000|100%|HC|  |TAMS 0x0000000088600000, 0x0000000088600000| Complete 
|  61|0x0000000088700000, 0x0000000088800000, 0x0000000088800000|100%|HC|  |TAMS 0x0000000088700000, 0x0000000088700000| Complete 
|  62|0x0000000088800000, 0x0000000088900000, 0x0000000088900000|100%|HC|  |TAMS 0x0000000088800000, 0x0000000088800000| Complete 
|  63|0x0000000088900000, 0x0000000088a00000, 0x0000000088a00000|100%|HC|  |TAMS 0x0000000088900000, 0x0000000088900000| Complete 
|  64|0x0000000088a00000, 0x0000000088b00000, 0x0000000088b00000|100%|HC|  |TAMS 0x0000000088a00000, 0x0000000088a00000| Complete 
|  65|0x0000000088b00000, 0x0000000088c00000, 0x0000000088c00000|100%| O|  |TAMS 0x0000000088b00000, 0x0000000088b00000| Untracked 
|  66|0x0000000088c00000, 0x0000000088d00000, 0x0000000088d00000|100%| O|  |TAMS 0x0000000088c00000, 0x0000000088c00000| Untracked 
|  67|0x0000000088d00000, 0x0000000088dc1000, 0x0000000088e00000| 75%| O|  |TAMS 0x0000000088d00000, 0x0000000088d00000| Untracked 
|  68|0x0000000088e00000, 0x0000000088e00000, 0x0000000088f00000|  0%| F|  |TAMS 0x0000000088e00000, 0x0000000088e00000| Untracked 
|  69|0x0000000088f00000, 0x0000000088f46460, 0x0000000089000000| 27%| S|CS|TAMS 0x0000000088f00000, 0x0000000088f00000| Complete 
|  70|0x0000000089000000, 0x0000000089100000, 0x0000000089100000|100%| S|CS|TAMS 0x0000000089000000, 0x0000000089000000| Complete 
|  71|0x0000000089100000, 0x0000000089200000, 0x0000000089200000|100%| S|CS|TAMS 0x0000000089100000, 0x0000000089100000| Complete 
|  72|0x0000000089200000, 0x0000000089300000, 0x0000000089300000|100%| S|CS|TAMS 0x0000000089200000, 0x0000000089200000| Complete 
|  73|0x0000000089300000, 0x0000000089400000, 0x0000000089400000|100%| S|CS|TAMS 0x0000000089300000, 0x0000000089300000| Complete 
|  74|0x0000000089400000, 0x0000000089500000, 0x0000000089500000|100%| S|CS|TAMS 0x0000000089400000, 0x0000000089400000| Complete 
|  75|0x0000000089500000, 0x0000000089500000, 0x0000000089600000|  0%| F|  |TAMS 0x0000000089500000, 0x0000000089500000| Untracked 
|  76|0x0000000089600000, 0x0000000089600000, 0x0000000089700000|  0%| F|  |TAMS 0x0000000089600000, 0x0000000089600000| Untracked 
|  77|0x0000000089700000, 0x0000000089700000, 0x0000000089800000|  0%| F|  |TAMS 0x0000000089700000, 0x0000000089700000| Untracked 
|  78|0x0000000089800000, 0x0000000089800000, 0x0000000089900000|  0%| F|  |TAMS 0x0000000089800000, 0x0000000089800000| Untracked 
|  79|0x0000000089900000, 0x0000000089900000, 0x0000000089a00000|  0%| F|  |TAMS 0x0000000089900000, 0x0000000089900000| Untracked 
|  80|0x0000000089a00000, 0x0000000089a00000, 0x0000000089b00000|  0%| F|  |TAMS 0x0000000089a00000, 0x0000000089a00000| Untracked 
|  81|0x0000000089b00000, 0x0000000089b00000, 0x0000000089c00000|  0%| F|  |TAMS 0x0000000089b00000, 0x0000000089b00000| Untracked 
|  82|0x0000000089c00000, 0x0000000089c00000, 0x0000000089d00000|  0%| F|  |TAMS 0x0000000089c00000, 0x0000000089c00000| Untracked 
|  83|0x0000000089d00000, 0x0000000089d00000, 0x0000000089e00000|  0%| F|  |TAMS 0x0000000089d00000, 0x0000000089d00000| Untracked 
|  84|0x0000000089e00000, 0x0000000089e00000, 0x0000000089f00000|  0%| F|  |TAMS 0x0000000089e00000, 0x0000000089e00000| Untracked 
|  85|0x0000000089f00000, 0x0000000089f00000, 0x000000008a000000|  0%| F|  |TAMS 0x0000000089f00000, 0x0000000089f00000| Untracked 
|  86|0x000000008a000000, 0x000000008a000000, 0x000000008a100000|  0%| F|  |TAMS 0x000000008a000000, 0x000000008a000000| Untracked 
|  87|0x000000008a100000, 0x000000008a100000, 0x000000008a200000|  0%| F|  |TAMS 0x000000008a100000, 0x000000008a100000| Untracked 
|  88|0x000000008a200000, 0x000000008a200000, 0x000000008a300000|  0%| F|  |TAMS 0x000000008a200000, 0x000000008a200000| Untracked 
|  89|0x000000008a300000, 0x000000008a300000, 0x000000008a400000|  0%| F|  |TAMS 0x000000008a300000, 0x000000008a300000| Untracked 
|  90|0x000000008a400000, 0x000000008a400000, 0x000000008a500000|  0%| F|  |TAMS 0x000000008a400000, 0x000000008a400000| Untracked 
|  91|0x000000008a500000, 0x000000008a500000, 0x000000008a600000|  0%| F|  |TAMS 0x000000008a500000, 0x000000008a500000| Untracked 
|  92|0x000000008a600000, 0x000000008a600000, 0x000000008a700000|  0%| F|  |TAMS 0x000000008a600000, 0x000000008a600000| Untracked 
|  93|0x000000008a700000, 0x000000008a700000, 0x000000008a800000|  0%| F|  |TAMS 0x000000008a700000, 0x000000008a700000| Untracked 
|  94|0x000000008a800000, 0x000000008a800000, 0x000000008a900000|  0%| F|  |TAMS 0x000000008a800000, 0x000000008a800000| Untracked 
|  95|0x000000008a900000, 0x000000008a900000, 0x000000008aa00000|  0%| F|  |TAMS 0x000000008a900000, 0x000000008a900000| Untracked 
|  96|0x000000008aa00000, 0x000000008aa00000, 0x000000008ab00000|  0%| F|  |TAMS 0x000000008aa00000, 0x000000008aa00000| Untracked 
|  97|0x000000008ab00000, 0x000000008ab00000, 0x000000008ac00000|  0%| F|  |TAMS 0x000000008ab00000, 0x000000008ab00000| Untracked 
|  98|0x000000008ac00000, 0x000000008ac00000, 0x000000008ad00000|  0%| F|  |TAMS 0x000000008ac00000, 0x000000008ac00000| Untracked 
|  99|0x000000008ad00000, 0x000000008ad00000, 0x000000008ae00000|  0%| F|  |TAMS 0x000000008ad00000, 0x000000008ad00000| Untracked 
| 100|0x000000008ae00000, 0x000000008ae00000, 0x000000008af00000|  0%| F|  |TAMS 0x000000008ae00000, 0x000000008ae00000| Untracked 
| 101|0x000000008af00000, 0x000000008af00000, 0x000000008b000000|  0%| F|  |TAMS 0x000000008af00000, 0x000000008af00000| Untracked 
| 102|0x000000008b000000, 0x000000008b000000, 0x000000008b100000|  0%| F|  |TAMS 0x000000008b000000, 0x000000008b000000| Untracked 
| 103|0x000000008b100000, 0x000000008b100000, 0x000000008b200000|  0%| F|  |TAMS 0x000000008b100000, 0x000000008b100000| Untracked 
| 104|0x000000008b200000, 0x000000008b200000, 0x000000008b300000|  0%| F|  |TAMS 0x000000008b200000, 0x000000008b200000| Untracked 
| 105|0x000000008b300000, 0x000000008b300000, 0x000000008b400000|  0%| F|  |TAMS 0x000000008b300000, 0x000000008b300000| Untracked 
| 106|0x000000008b400000, 0x000000008b400000, 0x000000008b500000|  0%| F|  |TAMS 0x000000008b400000, 0x000000008b400000| Untracked 
| 107|0x000000008b500000, 0x000000008b500000, 0x000000008b600000|  0%| F|  |TAMS 0x000000008b500000, 0x000000008b500000| Untracked 
| 108|0x000000008b600000, 0x000000008b600000, 0x000000008b700000|  0%| F|  |TAMS 0x000000008b600000, 0x000000008b600000| Untracked 
| 109|0x000000008b700000, 0x000000008b700000, 0x000000008b800000|  0%| F|  |TAMS 0x000000008b700000, 0x000000008b700000| Untracked 
| 110|0x000000008b800000, 0x000000008b800000, 0x000000008b900000|  0%| F|  |TAMS 0x000000008b800000, 0x000000008b800000| Untracked 
| 111|0x000000008b900000, 0x000000008b900000, 0x000000008ba00000|  0%| F|  |TAMS 0x000000008b900000, 0x000000008b900000| Untracked 
| 112|0x000000008ba00000, 0x000000008ba00000, 0x000000008bb00000|  0%| F|  |TAMS 0x000000008ba00000, 0x000000008ba00000| Untracked 
| 123|0x000000008c500000, 0x000000008c516790, 0x000000008c600000|  8%| E|  |TAMS 0x000000008c500000, 0x000000008c500000| Complete 

Card table byte_map: [0x000002c1e4640000,0x000002c1e4a20000] _byte_map_base: 0x000002c1e421b000

Marking Bits (Prev, Next): (CMBitMap*) 0x000002c1cd46f3b0, (CMBitMap*) 0x000002c1cd46f370
 Prev Bits: [0x000002c1e6ce0000, 0x000002c1e8bb8000)
 Next Bits: [0x000002c1e4e00000, 0x000002c1e6cd8000)

Polling page: 0x000002c1cb250000

Metaspace:

Usage:
  Non-class:     20.61 MB used.
      Class:      3.40 MB used.
       Both:     24.01 MB used.

Virtual space:
  Non-class space:       24.00 MB reserved,      20.81 MB ( 87%) committed,  3 nodes.
      Class space:        1.00 GB reserved,       3.50 MB ( <1%) committed,  1 nodes.
             Both:        1.02 GB reserved,      24.31 MB (  2%) committed. 

Chunk freelists:
   Non-Class:  2.80 MB
       Class:  536.00 KB
        Both:  3.32 MB

MaxMetaspaceSize: unlimited
CompressedClassSpaceSize: 1.00 GB
Initial GC threshold: 21.00 MB
Current GC threshold: 35.13 MB
CDS: on
MetaspaceReclaimPolicy: balanced
 - commit_granule_bytes: 65536.
 - commit_granule_words: 8192.
 - virtual_space_node_default_size: 1048576.
 - enlarge_chunks_in_place: 1.
 - new_chunks_are_fully_committed: 0.
 - uncommit_free_chunks: 1.
 - use_allocation_guard: 0.
 - handle_deallocations: 1.


Internal statistics:

num_allocs_failed_limit: 3.
num_arena_births: 266.
num_arena_deaths: 0.
num_vsnodes_births: 4.
num_vsnodes_deaths: 0.
num_space_committed: 389.
num_space_uncommitted: 0.
num_chunks_returned_to_freelist: 3.
num_chunks_taken_from_freelist: 1003.
num_chunk_merges: 3.
num_chunk_splits: 709.
num_chunks_enlarged: 549.
num_purges: 0.
num_inconsistent_stats: 0.

CodeHeap 'non-profiled nmethods': size=120000Kb used=2470Kb max_used=2470Kb free=117529Kb
 bounds [0x000002c1dc9f0000, 0x000002c1dcc60000, 0x000002c1e3f20000]
CodeHeap 'profiled nmethods': size=120000Kb used=8794Kb max_used=8794Kb free=111205Kb
 bounds [0x000002c1d54c0000, 0x000002c1d5d60000, 0x000002c1dc9f0000]
CodeHeap 'non-nmethods': size=5760Kb used=1564Kb max_used=1614Kb free=4195Kb
 bounds [0x000002c1d4f20000, 0x000002c1d5190000, 0x000002c1d54c0000]
 total_blobs=5272 nmethods=4412 adapters=772
 compilation: enabled
              stopped_count=0, restarted_count=0
 full_count=0

Compilation events (20 events):
Event: 46.080 Thread 0x000002c1eb6059a0 4394       3       com.sun.javafx.geom.transform.Affine3D::updateState (96 bytes)
Event: 46.081 Thread 0x000002c1eb6059a0 nmethod 4394 0x000002c1d5d4a090 code [0x000002c1d5d4a340, 0x000002c1d5d4aec8]
Event: 46.081 Thread 0x000002c1eb6059a0 4395       3       com.sun.javafx.geom.transform.AffineBase::updateState2D (210 bytes)
Event: 46.082 Thread 0x000002c1eb6059a0 nmethod 4395 0x000002c1d5d4b090 code [0x000002c1d5d4b340, 0x000002c1d5d4bb78]
Event: 46.082 Thread 0x000002c1eb6059a0 4396       3       com.sun.javafx.sg.prism.NGNode::doRender (473 bytes)
Event: 46.084 Thread 0x000002c1eb6059a0 nmethod 4396 0x000002c1d5d4bc10 code [0x000002c1d5d4bf40, 0x000002c1d5d4e038]
Event: 46.084 Thread 0x000002c1eb6059a0 4398   !   3       com.sun.prism.impl.shape.DMarlinRasterizer::getMaskData (367 bytes)
Event: 46.087 Thread 0x000002c1eb6059a0 nmethod 4398 0x000002c1d5d4e990 code [0x000002c1d5d4edc0, 0x000002c1d5d50bd8]
Event: 46.087 Thread 0x000002c1eb602ef0 nmethod 4385 0x000002c1dcc56510 code [0x000002c1dcc56760, 0x000002c1dcc56ef8]
Event: 46.087 Thread 0x000002c1eb6059a0 4391       1       javafx.scene.layout.Region::isResizable (2 bytes)
Event: 46.087 Thread 0x000002c1eb602ef0 4397       4       com.sun.marlin.DMarlinRenderingEngine::getRendererContext (12 bytes)
Event: 46.087 Thread 0x000002c1eb6059a0 nmethod 4391 0x000002c1dcc57290 code [0x000002c1dcc57420, 0x000002c1dcc574f8]
Event: 46.087 Thread 0x000002c1eb6059a0 4390       3       com.sun.javafx.collections.ObservableMapWrapper::get (11 bytes)
Event: 46.087 Thread 0x000002c1eb6059a0 nmethod 4390 0x000002c1d5d51d90 code [0x000002c1d5d51f40, 0x000002c1d5d52128]
Event: 46.087 Thread 0x000002c1eb6059a0 4392       3       javafx.scene.layout.Region::snapSizeY (10 bytes)
Event: 46.088 Thread 0x000002c1eb6059a0 nmethod 4392 0x000002c1d5d52210 code [0x000002c1d5d52480, 0x000002c1d5d52e98]
Event: 46.091 Thread 0x000002c1eb6059a0 4400       3       org.apache.logging.log4j.util.SystemPropertiesPropertySource::containsProperty (14 bytes)
Event: 46.092 Thread 0x000002c1eb6059a0 nmethod 4400 0x000002c1d5d53290 code [0x000002c1d5d53480, 0x000002c1d5d53aa8]
Event: 46.093 Thread 0x000002c1eb6059a0 4401       1       java.util.Formatter$Flags::valueOf (5 bytes)
Event: 46.093 Thread 0x000002c1eb6059a0 nmethod 4401 0x000002c1dcc57590 code [0x000002c1dcc57720, 0x000002c1dcc577f8]

GC Heap History (6 events):
Event: 0.787 GC heap before
{Heap before GC invocations=0 (full 0):
 garbage-first heap   total 126976K, used 22528K [0x0000000084a00000, 0x0000000100000000)
  region size 1024K, 23 young (23552K), 0 survivors (0K)
 Metaspace       used 4965K, committed 5184K, reserved 1056768K
  class space    used 600K, committed 704K, reserved 1048576K
}
Event: 0.791 GC heap after
{Heap after GC invocations=1 (full 0):
 garbage-first heap   total 126976K, used 2872K [0x0000000084a00000, 0x0000000100000000)
  region size 1024K, 3 young (3072K), 3 survivors (3072K)
 Metaspace       used 4965K, committed 5184K, reserved 1056768K
  class space    used 600K, committed 704K, reserved 1048576K
}
Event: 1.979 GC heap before
{Heap before GC invocations=1 (full 0):
 garbage-first heap   total 126976K, used 33592K [0x0000000084a00000, 0x0000000100000000)
  region size 1024K, 34 young (34816K), 3 survivors (3072K)
 Metaspace       used 14346K, committed 14528K, reserved 1064960K
  class space    used 1774K, committed 1856K, reserved 1048576K
}
Event: 1.983 GC heap after
{Heap after GC invocations=2 (full 0):
 garbage-first heap   total 126976K, used 5879K [0x0000000084a00000, 0x0000000100000000)
  region size 1024K, 3 young (3072K), 3 survivors (3072K)
 Metaspace       used 14346K, committed 14528K, reserved 1064960K
  class space    used 1774K, committed 1856K, reserved 1048576K
}
Event: 2.811 GC heap before
{Heap before GC invocations=2 (full 0):
 garbage-first heap   total 126976K, used 60151K [0x0000000084a00000, 0x0000000100000000)
  region size 1024K, 34 young (34816K), 3 survivors (3072K)
 Metaspace       used 21216K, committed 21504K, reserved 1073152K
  class space    used 3115K, committed 3264K, reserved 1048576K
}
Event: 2.816 GC heap after
{Heap after GC invocations=3 (full 0):
 garbage-first heap   total 126976K, used 33467K [0x0000000084a00000, 0x0000000100000000)
  region size 1024K, 6 young (6144K), 6 survivors (6144K)
 Metaspace       used 21216K, committed 21504K, reserved 1073152K
  class space    used 3115K, committed 3264K, reserved 1048576K
}

Deoptimization events (20 events):
Event: 46.027 Thread 0x000002c1ecec2620 DEOPT PACKING pc=0x000002c1d5c1d80c sp=0x000000d4081fdfa0
Event: 46.027 Thread 0x000002c1ecec2620 DEOPT UNPACKING pc=0x000002c1d4f76763 sp=0x000000d4081fd428 mode 0
Event: 46.027 Thread 0x000002c1ecec2620 DEOPT PACKING pc=0x000002c1d5d136b4 sp=0x000000d4081fe000
Event: 46.027 Thread 0x000002c1ecec2620 DEOPT UNPACKING pc=0x000002c1d4f76763 sp=0x000000d4081fd500 mode 0
Event: 46.027 Thread 0x000002c1ecec2620 DEOPT PACKING pc=0x000002c1d5c5ab44 sp=0x000000d4081fe130
Event: 46.027 Thread 0x000002c1ecec2620 DEOPT UNPACKING pc=0x000002c1d4f76763 sp=0x000000d4081fd720 mode 0
Event: 46.027 Thread 0x000002c1ecec2620 DEOPT PACKING pc=0x000002c1d5d297ec sp=0x000000d4081fe4e0
Event: 46.027 Thread 0x000002c1ecec2620 DEOPT UNPACKING pc=0x000002c1d4f76763 sp=0x000000d4081fda20 mode 0
Event: 46.027 Thread 0x000002c1ecec2620 DEOPT PACKING pc=0x000002c1d5d26e9c sp=0x000000d4081fe690
Event: 46.027 Thread 0x000002c1ecec2620 DEOPT UNPACKING pc=0x000002c1d4f76763 sp=0x000000d4081fda18 mode 0
Event: 46.027 Thread 0x000002c1ecec2620 DEOPT PACKING pc=0x000002c1d5ce927c sp=0x000000d4081fe760
Event: 46.027 Thread 0x000002c1ecec2620 DEOPT UNPACKING pc=0x000002c1d4f76763 sp=0x000000d4081fdc48 mode 0
Event: 46.027 Thread 0x000002c1ecec2620 DEOPT PACKING pc=0x000002c1d5cf2c94 sp=0x000000d4081fe800
Event: 46.027 Thread 0x000002c1ecec2620 DEOPT UNPACKING pc=0x000002c1d4f76763 sp=0x000000d4081fdcc0 mode 0
Event: 46.027 Thread 0x000002c1ecec2620 DEOPT PACKING pc=0x000002c1d5cf240c sp=0x000000d4081fe8c0
Event: 46.027 Thread 0x000002c1ecec2620 DEOPT UNPACKING pc=0x000002c1d4f76763 sp=0x000000d4081fdd78 mode 0
Event: 46.027 Thread 0x000002c1ecec2620 DEOPT PACKING pc=0x000002c1d5cf138c sp=0x000000d4081fe970
Event: 46.027 Thread 0x000002c1ecec2620 DEOPT UNPACKING pc=0x000002c1d4f76763 sp=0x000000d4081fdee0 mode 0
Event: 46.093 Thread 0x000002c1f3e25ed0 DEOPT PACKING pc=0x000002c1d56c67cc sp=0x000000d4076fefe0
Event: 46.093 Thread 0x000002c1f3e25ed0 DEOPT UNPACKING pc=0x000002c1d4f76763 sp=0x000000d4076fe440 mode 1

Classes unloaded (0 events):
No events

Classes redefined (0 events):
No events

Internal exceptions (20 events):
Event: 2.754 Thread 0x000002c1ecec2620 Exception <a 'java/lang/NoSuchMethodError'{0x000000008a8075f8}: 'java.lang.Object java.lang.invoke.Invokers$Holder.linkToTargetMethod(java.lang.Object, long, java.lang.Object)'> (0x000000008a8075f8) 
thrown [s\src\hotspot\share\interpreter\linkResolver.cpp, line 759]
Event: 2.787 Thread 0x000002c1ec110170 Exception <a 'java/lang/NoSuchMethodError'{0x000000008a715c20}: 'int java.lang.invoke.DirectMethodHandle$Holder.invokeStaticInit(java.lang.Object, java.lang.Object)'> (0x000000008a715c20) 
thrown [s\src\hotspot\share\interpreter\linkResolver.cpp, line 759]
Event: 2.857 Thread 0x000002c1ec110170 Exception <a 'java/lang/NoSuchMethodError'{0x000000008c5f36b8}: 'java.lang.Object java.lang.invoke.DirectMethodHandle$Holder.invokeStaticInit(java.lang.Object, int)'> (0x000000008c5f36b8) 
thrown [s\src\hotspot\share\interpreter\linkResolver.cpp, line 759]
Event: 2.872 Thread 0x000002c1ecec2620 Implicit null exception at 0x000002c1dcade1f7 to 0x000002c1dcadea4c
Event: 2.914 Thread 0x000002c1ecec2620 Exception <a 'sun/nio/fs/WindowsException'{0x000000008b7a4370}> (0x000000008b7a4370) 
thrown [s\src\hotspot\share\prims\jni.cpp, line 516]
Event: 2.915 Thread 0x000002c1ecec2620 Exception <a 'sun/nio/fs/WindowsException'{0x000000008b7a5940}> (0x000000008b7a5940) 
thrown [s\src\hotspot\share\prims\jni.cpp, line 516]
Event: 2.916 Thread 0x000002c1ecec2620 Exception <a 'sun/nio/fs/WindowsException'{0x000000008b7a6f30}> (0x000000008b7a6f30) 
thrown [s\src\hotspot\share\prims\jni.cpp, line 516]
Event: 2.917 Thread 0x000002c1ecec2620 Exception <a 'sun/nio/fs/WindowsException'{0x000000008b7a8290}> (0x000000008b7a8290) 
thrown [s\src\hotspot\share\prims\jni.cpp, line 516]
Event: 2.918 Thread 0x000002c1ecec2620 Exception <a 'sun/nio/fs/WindowsException'{0x000000008b7a9628}> (0x000000008b7a9628) 
thrown [s\src\hotspot\share\prims\jni.cpp, line 516]
Event: 6.676 Thread 0x000002c1ec110170 Implicit null exception at 0x000002c1dcbbd4f1 to 0x000002c1dcbbe38c
Event: 7.109 Thread 0x000002c1ecec2620 Exception <a 'java/lang/NoSuchMethodError'{0x000000008a21e688}: 'void java.lang.invoke.DirectMethodHandle$Holder.invokeStatic(java.lang.Object, int, java.lang.Object)'> (0x000000008a21e688) 
thrown [s\src\hotspot\share\interpreter\linkResolver.cpp, line 759]
Event: 7.246 Thread 0x000002c1ecec2620 Exception <a 'java/io/FileNotFoundException'{0x000000008a276fe0}> (0x000000008a276fe0) 
thrown [s\src\hotspot\share\prims\jni.cpp, line 516]
Event: 7.394 Thread 0x000002c1ecec2620 Implicit null exception at 0x000002c1dcc27368 to 0x000002c1dcc275dc
Event: 7.430 Thread 0x000002c1ec110170 Implicit null exception at 0x000002c1dcbca035 to 0x000002c1dcbca1b8
Event: 7.491 Thread 0x000002c1ec110170 Implicit null exception at 0x000002c1dcbae985 to 0x000002c1dcbaec11
Event: 8.468 Thread 0x000002c1ecec2620 Implicit null exception at 0x000002c1dcbea900 to 0x000002c1dcbeaa4c
Event: 8.468 Thread 0x000002c1ecec2620 Implicit null exception at 0x000002c1dcb8f00a to 0x000002c1dcb8fc08
Event: 46.033 Thread 0x000002c1ecec2620 Exception <a 'java/lang/NoSuchMethodError'{0x0000000089a71718}: 'java.lang.Object java.lang.invoke.DirectMethodHandle$Holder.newInvokeSpecial(java.lang.Object, java.lang.Object, int, int, int, int, int, java.lang.Object)'> (0x0000000089a71718) 
thrown [s\src\hotspot\share\interpreter\linkResolver.cpp, line 759]
Event: 46.037 Thread 0x000002c1ecec2620 Exception <a 'java/lang/NoSuchMethodError'{0x0000000089a846f0}: 'java.lang.Object java.lang.invoke.DirectMethodHandle$Holder.newInvokeSpecial(java.lang.Object, java.lang.Object, java.lang.Object, int, int, int, int, int)'> (0x0000000089a846f0) 
thrown [s\src\hotspot\share\interpreter\linkResolver.cpp, line 759]
Event: 46.038 Thread 0x000002c1ecec2620 Exception <a 'java/lang/NoSuchMethodError'{0x0000000089a8bf50}: 'java.lang.Object java.lang.invoke.Invokers$Holder.linkToTargetMethod(java.lang.Object, java.lang.Object, int, int, int, int, int, java.lang.Object)'> (0x0000000089a8bf50) 
thrown [s\src\hotspot\share\interpreter\linkResolver.cpp, line 759]

VM Operations (20 events):
Event: 25.299 Executing VM operation: get/set locals
Event: 25.299 Executing VM operation: get/set locals done
Event: 35.636 Executing VM operation: ChangeSingleStep
Event: 35.637 Executing VM operation: ChangeSingleStep done
Event: 35.638 Executing VM operation: ChangeSingleStep
Event: 35.638 Executing VM operation: ChangeSingleStep done
Event: 35.717 Executing VM operation: get/set locals
Event: 35.717 Executing VM operation: get/set locals done
Event: 39.856 Executing VM operation: get/set locals
Event: 39.856 Executing VM operation: get/set locals done
Event: 46.024 Executing VM operation: ChangeBreakpoints
Event: 46.024 Executing VM operation: ChangeBreakpoints done
Event: 46.025 Executing VM operation: ChangeBreakpoints
Event: 46.025 Executing VM operation: ChangeBreakpoints done
Event: 46.025 Executing VM operation: ChangeBreakpoints
Event: 46.025 Executing VM operation: ChangeBreakpoints done
Event: 46.025 Executing VM operation: ChangeBreakpoints
Event: 46.026 Executing VM operation: ChangeBreakpoints done
Event: 46.026 Executing VM operation: ChangeBreakpoints
Event: 46.026 Executing VM operation: ChangeBreakpoints done

Events (20 events):
Event: 46.077 Thread 0x000002c1f3e1fe90 Thread added: 0x000002c1f3e1fe90
Event: 46.077 Thread 0x000002c1f3e1fe90 Thread exited: 0x000002c1f3e1fe90
Event: 46.085 loading class jdk/internal/misc/Signal$1
Event: 46.085 loading class jdk/internal/misc/Signal$1 done
Event: 46.085 Thread 0x000002c1f3e211d0 Thread added: 0x000002c1f3e211d0
Event: 46.086 Thread 0x000002c1f3e25ed0 Thread added: 0x000002c1f3e25ed0
Event: 46.086 Thread 0x000002c1f3e229e0 Thread added: 0x000002c1f3e229e0
Event: 46.086 Thread 0x000002c1f3e246c0 Thread added: 0x000002c1f3e246c0
Event: 46.086 Thread 0x000002c1f3e23d20 Thread added: 0x000002c1f3e23d20
Event: 46.088 Thread 0x000002c1f3e24b90 Thread added: 0x000002c1f3e24b90
Event: 46.089 Thread 0x000002c1f3e24b90 Thread exited: 0x000002c1f3e24b90
Event: 46.089 Thread 0x000002c1f3e20830 Thread added: 0x000002c1f3e20830
Event: 46.089 Thread 0x000002c1f3e20830 Thread exited: 0x000002c1f3e20830
Event: 46.090 Thread 0x000002c1f3e246c0 Thread exited: 0x000002c1f3e246c0
Event: 46.091 loading class com/sun/javafx/font/PrismFontFile
Event: 46.091 loading class com/sun/javafx/font/PrismFontFile done
Event: 46.091 loading class com/sun/javafx/tk/quantum/QuantumRenderer
Event: 46.091 loading class com/sun/javafx/tk/quantum/QuantumRenderer done
Event: 46.092 loading class com/sun/javafx/tk/quantum/QuantumToolkit
Event: 46.092 loading class com/sun/javafx/tk/quantum/QuantumToolkit done


Dynamic libraries:
0x00007ff6659b0000 - 0x00007ff6659bd000 	D:\edit-edenvironment\jdk17\bin\java.exe
0x00007ffb50830000 - 0x00007ffb50a28000 	C:\WINDOWS\SYSTEM32\ntdll.dll
0x00007ffb4f610000 - 0x00007ffb4f6cf000 	C:\WINDOWS\System32\KERNEL32.DLL
0x00007ffb4e3e0000 - 0x00007ffb4e6ba000 	C:\WINDOWS\System32\KERNELBASE.dll
0x00007ffb4e060000 - 0x00007ffb4e160000 	C:\WINDOWS\System32\ucrtbase.dll
0x00007ffb49640000 - 0x00007ffb49655000 	D:\edit-edenvironment\jdk17\bin\VCRUNTIME140.dll
0x00007ffb49660000 - 0x00007ffb49678000 	D:\edit-edenvironment\jdk17\bin\jli.dll
0x00007ffb4ef30000 - 0x00007ffb4f0cd000 	C:\WINDOWS\System32\USER32.dll
0x00007ffb4e750000 - 0x00007ffb4e772000 	C:\WINDOWS\System32\win32u.dll
0x00007ffb4fd90000 - 0x00007ffb4fdbb000 	C:\WINDOWS\System32\GDI32.dll
0x00007ffb4e780000 - 0x00007ffb4e890000 	C:\WINDOWS\System32\gdi32full.dll
0x00007ffb4dfc0000 - 0x00007ffb4e05d000 	C:\WINDOWS\System32\msvcp_win.dll
0x00007ffb39820000 - 0x00007ffb39aba000 	C:\WINDOWS\WinSxS\amd64_microsoft.windows.common-controls_6595b64144ccf1df_6.0.19041.1110_none_60b5254171f9507e\COMCTL32.dll
0x00007ffb50620000 - 0x00007ffb506be000 	C:\WINDOWS\System32\msvcrt.dll
0x00007ffb4f4c0000 - 0x00007ffb4f4f0000 	C:\WINDOWS\System32\IMM32.DLL
0x00007ffb27f10000 - 0x00007ffb27fab000 	D:\edit-edenvironment\jdk17\bin\msvcp140.dll
0x00007ffad5f00000 - 0x00007ffad6b14000 	D:\edit-edenvironment\jdk17\bin\server\jvm.dll
0x00007ffb4f6d0000 - 0x00007ffb4f77e000 	C:\WINDOWS\System32\ADVAPI32.dll
0x00007ffb4f9f0000 - 0x00007ffb4fa8c000 	C:\WINDOWS\System32\sechost.dll
0x00007ffb506c0000 - 0x00007ffb507e6000 	C:\WINDOWS\System32\RPCRT4.dll
0x00007ffb4e8f0000 - 0x00007ffb4e8f8000 	C:\WINDOWS\System32\PSAPI.DLL
0x00007ffb47bc0000 - 0x00007ffb47bc9000 	C:\WINDOWS\SYSTEM32\WSOCK32.dll
0x00007ffb45d80000 - 0x00007ffb45da7000 	C:\WINDOWS\SYSTEM32\WINMM.dll
0x00007ffb3ea90000 - 0x00007ffb3ea9a000 	C:\WINDOWS\SYSTEM32\VERSION.dll
0x00007ffb4fd20000 - 0x00007ffb4fd8b000 	C:\WINDOWS\System32\WS2_32.dll
0x00007ffb4c790000 - 0x00007ffb4c7a2000 	C:\WINDOWS\SYSTEM32\kernel.appcore.dll
0x00007ffb49630000 - 0x00007ffb4963a000 	D:\edit-edenvironment\jdk17\bin\jimage.dll
0x00007ffb4bd00000 - 0x00007ffb4bee4000 	C:\WINDOWS\SYSTEM32\DBGHELP.DLL
0x00007ffb45d40000 - 0x00007ffb45d74000 	C:\WINDOWS\SYSTEM32\dbgcore.DLL
0x00007ffb4e6c0000 - 0x00007ffb4e742000 	C:\WINDOWS\System32\bcryptPrimitives.dll
0x00007ffb35f40000 - 0x00007ffb35f79000 	D:\edit-edenvironment\jdk17\bin\jdwp.dll
0x00007ffb47e80000 - 0x00007ffb47e8e000 	D:\edit-edenvironment\jdk17\bin\instrument.dll
0x00007ffb3ef40000 - 0x00007ffb3ef65000 	D:\edit-edenvironment\jdk17\bin\java.dll
0x00007ffb3eb70000 - 0x00007ffb3eb88000 	D:\edit-edenvironment\jdk17\bin\zip.dll
0x00007ffb269c0000 - 0x00007ffb26a96000 	D:\edit-edenvironment\jdk17\bin\jsvml.dll
0x00007ffb4fdc0000 - 0x00007ffb50504000 	C:\WINDOWS\System32\SHELL32.dll
0x00007ffb4bfe0000 - 0x00007ffb4c773000 	C:\WINDOWS\SYSTEM32\windows.storage.dll
0x00007ffb4f0e0000 - 0x00007ffb4f434000 	C:\WINDOWS\System32\combase.dll
0x00007ffb4d9a0000 - 0x00007ffb4d9ce000 	C:\WINDOWS\SYSTEM32\Wldp.dll
0x00007ffb50570000 - 0x00007ffb5061d000 	C:\WINDOWS\System32\SHCORE.dll
0x00007ffb4f900000 - 0x00007ffb4f955000 	C:\WINDOWS\System32\shlwapi.dll
0x00007ffb4de80000 - 0x00007ffb4de9f000 	C:\WINDOWS\SYSTEM32\profapi.dll
0x00007ffb49610000 - 0x00007ffb49629000 	D:\edit-edenvironment\jdk17\bin\net.dll
0x00007ffb43250000 - 0x00007ffb4335a000 	C:\WINDOWS\SYSTEM32\WINHTTP.dll
0x00007ffb4d700000 - 0x00007ffb4d76a000 	C:\WINDOWS\system32\mswsock.dll
0x00007ffb49510000 - 0x00007ffb49525000 	D:\edit-edenvironment\jdk17\bin\nio.dll
0x00007ffb47e70000 - 0x00007ffb47e7c000 	D:\edit-edenvironment\jdk17\bin\dt_socket.dll
0x00007ffb4d3a0000 - 0x00007ffb4d3dc000 	C:\WINDOWS\SYSTEM32\IPHLPAPI.DLL
0x00007ffb3b880000 - 0x00007ffb3b889000 	D:\edit-edenvironment\jdk17\bin\management.dll
0x00007ffb3b4e0000 - 0x00007ffb3b4eb000 	D:\edit-edenvironment\jdk17\bin\management_ext.dll
0x00007ffaf2770000 - 0x00007ffaf2787000 	C:\WINDOWS\system32\napinsp.dll
0x00007ffaf1850000 - 0x00007ffaf186b000 	C:\WINDOWS\system32\pnrpnsp.dll
0x00007ffb1ff70000 - 0x00007ffb1ff85000 	C:\WINDOWS\system32\wshbth.dll
0x00007ffb494e0000 - 0x00007ffb494fd000 	C:\WINDOWS\system32\NLAapi.dll
0x00007ffb4d3e0000 - 0x00007ffb4d4ab000 	C:\WINDOWS\SYSTEM32\DNSAPI.dll
0x00007ffb4e960000 - 0x00007ffb4e968000 	C:\WINDOWS\System32\NSI.dll
0x00007ffaf1710000 - 0x00007ffaf1722000 	C:\WINDOWS\System32\winrnr.dll
0x00007ffb3eb90000 - 0x00007ffb3eb9a000 	C:\Windows\System32\rasadhlp.dll
0x00007ffb42f10000 - 0x00007ffb42f90000 	C:\WINDOWS\System32\fwpuclnt.dll
0x00007ffb4df40000 - 0x00007ffb4df67000 	C:\WINDOWS\System32\bcrypt.dll
0x000002c1cb410000 - 0x000002c1cb413000 	C:\Users\86136\.openjfx\cache\21-ea+5\amd64\api-ms-win-core-console-l1-1-0.dll
0x000002c1cb420000 - 0x000002c1cb423000 	C:\Users\86136\.openjfx\cache\21-ea+5\amd64\api-ms-win-core-console-l1-2-0.dll
0x000002c1cb430000 - 0x000002c1cb433000 	C:\Users\86136\.openjfx\cache\21-ea+5\amd64\api-ms-win-core-datetime-l1-1-0.dll
0x000002c1cd380000 - 0x000002c1cd383000 	C:\Users\86136\.openjfx\cache\21-ea+5\amd64\api-ms-win-core-debug-l1-1-0.dll
0x000002c1cd390000 - 0x000002c1cd393000 	C:\Users\86136\.openjfx\cache\21-ea+5\amd64\api-ms-win-core-errorhandling-l1-1-0.dll
0x000002c1cd3a0000 - 0x000002c1cd3a4000 	C:\Users\86136\.openjfx\cache\21-ea+5\amd64\api-ms-win-core-file-l1-1-0.dll
0x000002c1cd3b0000 - 0x000002c1cd3b3000 	C:\Users\86136\.openjfx\cache\21-ea+5\amd64\api-ms-win-core-file-l1-2-0.dll
0x000002c1cd3c0000 - 0x000002c1cd3c3000 	C:\Users\86136\.openjfx\cache\21-ea+5\amd64\api-ms-win-core-file-l2-1-0.dll
0x000002c1cd3d0000 - 0x000002c1cd3d3000 	C:\Users\86136\.openjfx\cache\21-ea+5\amd64\api-ms-win-core-handle-l1-1-0.dll
0x000002c1cd3e0000 - 0x000002c1cd3e3000 	C:\Users\86136\.openjfx\cache\21-ea+5\amd64\api-ms-win-core-heap-l1-1-0.dll
0x000002c1eb750000 - 0x000002c1eb753000 	C:\Users\86136\.openjfx\cache\21-ea+5\amd64\api-ms-win-core-interlocked-l1-1-0.dll
0x000002c1eb760000 - 0x000002c1eb763000 	C:\Users\86136\.openjfx\cache\21-ea+5\amd64\api-ms-win-core-libraryloader-l1-1-0.dll
0x000002c1eb770000 - 0x000002c1eb773000 	C:\Users\86136\.openjfx\cache\21-ea+5\amd64\api-ms-win-core-localization-l1-2-0.dll
0x000002c1eb780000 - 0x000002c1eb783000 	C:\Users\86136\.openjfx\cache\21-ea+5\amd64\api-ms-win-core-memory-l1-1-0.dll
0x000002c1eb790000 - 0x000002c1eb793000 	C:\Users\86136\.openjfx\cache\21-ea+5\amd64\api-ms-win-core-namedpipe-l1-1-0.dll
0x000002c1eb7a0000 - 0x000002c1eb7a3000 	C:\Users\86136\.openjfx\cache\21-ea+5\amd64\api-ms-win-core-processenvironment-l1-1-0.dll
0x000002c1eb7b0000 - 0x000002c1eb7b3000 	C:\Users\86136\.openjfx\cache\21-ea+5\amd64\api-ms-win-core-processthreads-l1-1-0.dll
0x000002c1eb7c0000 - 0x000002c1eb7c3000 	C:\Users\86136\.openjfx\cache\21-ea+5\amd64\api-ms-win-core-processthreads-l1-1-1.dll
0x000002c1eb7d0000 - 0x000002c1eb7d3000 	C:\Users\86136\.openjfx\cache\21-ea+5\amd64\api-ms-win-core-profile-l1-1-0.dll
0x000002c1eb7e0000 - 0x000002c1eb7e3000 	C:\Users\86136\.openjfx\cache\21-ea+5\amd64\api-ms-win-core-rtlsupport-l1-1-0.dll
0x000002c1eb7f0000 - 0x000002c1eb7f3000 	C:\Users\86136\.openjfx\cache\21-ea+5\amd64\api-ms-win-core-string-l1-1-0.dll
0x000002c1edf10000 - 0x000002c1edf13000 	C:\Users\86136\.openjfx\cache\21-ea+5\amd64\api-ms-win-core-synch-l1-1-0.dll
0x000002c1edf20000 - 0x000002c1edf23000 	C:\Users\86136\.openjfx\cache\21-ea+5\amd64\api-ms-win-core-synch-l1-2-0.dll
0x000002c1edf30000 - 0x000002c1edf33000 	C:\Users\86136\.openjfx\cache\21-ea+5\amd64\api-ms-win-core-sysinfo-l1-1-0.dll
0x000002c1edf40000 - 0x000002c1edf43000 	C:\Users\86136\.openjfx\cache\21-ea+5\amd64\api-ms-win-core-timezone-l1-1-0.dll
0x000002c1edf50000 - 0x000002c1edf53000 	C:\Users\86136\.openjfx\cache\21-ea+5\amd64\api-ms-win-core-util-l1-1-0.dll
0x000002c1edf60000 - 0x000002c1edf63000 	C:\Users\86136\.openjfx\cache\21-ea+5\amd64\api-ms-win-crt-conio-l1-1-0.dll
0x000002c1edf70000 - 0x000002c1edf74000 	C:\Users\86136\.openjfx\cache\21-ea+5\amd64\api-ms-win-crt-convert-l1-1-0.dll
0x000002c1edf80000 - 0x000002c1edf83000 	C:\Users\86136\.openjfx\cache\21-ea+5\amd64\api-ms-win-crt-environment-l1-1-0.dll
0x000002c1edf90000 - 0x000002c1edf93000 	C:\Users\86136\.openjfx\cache\21-ea+5\amd64\api-ms-win-crt-filesystem-l1-1-0.dll
0x000002c1edfa0000 - 0x000002c1edfa3000 	C:\Users\86136\.openjfx\cache\21-ea+5\amd64\api-ms-win-crt-heap-l1-1-0.dll
0x000002c1edfb0000 - 0x000002c1edfb3000 	C:\Users\86136\.openjfx\cache\21-ea+5\amd64\api-ms-win-crt-locale-l1-1-0.dll
0x000002c1edfc0000 - 0x000002c1edfc5000 	C:\Users\86136\.openjfx\cache\21-ea+5\amd64\api-ms-win-crt-math-l1-1-0.dll
0x000002c1edfd0000 - 0x000002c1edfd5000 	C:\Users\86136\.openjfx\cache\21-ea+5\amd64\api-ms-win-crt-multibyte-l1-1-0.dll
0x000002c1edfe0000 - 0x000002c1edff0000 	C:\Users\86136\.openjfx\cache\21-ea+5\amd64\api-ms-win-crt-private-l1-1-0.dll
0x000002c1edff0000 - 0x000002c1edff3000 	C:\Users\86136\.openjfx\cache\21-ea+5\amd64\api-ms-win-crt-process-l1-1-0.dll
0x000002c1ee800000 - 0x000002c1ee804000 	C:\Users\86136\.openjfx\cache\21-ea+5\amd64\api-ms-win-crt-runtime-l1-1-0.dll
0x000002c1ee810000 - 0x000002c1ee814000 	C:\Users\86136\.openjfx\cache\21-ea+5\amd64\api-ms-win-crt-stdio-l1-1-0.dll
0x000002c1ee820000 - 0x000002c1ee824000 	C:\Users\86136\.openjfx\cache\21-ea+5\amd64\api-ms-win-crt-string-l1-1-0.dll
0x000002c1ee830000 - 0x000002c1ee833000 	C:\Users\86136\.openjfx\cache\21-ea+5\amd64\api-ms-win-crt-time-l1-1-0.dll
0x000002c1ee840000 - 0x000002c1ee843000 	C:\Users\86136\.openjfx\cache\21-ea+5\amd64\api-ms-win-crt-utility-l1-1-0.dll
0x00007ffb2b330000 - 0x00007ffb2b42c000 	C:\Users\86136\.openjfx\cache\21-ea+5\amd64\ucrtbase.dll
0x00007ffb46ab0000 - 0x00007ffb46acb000 	C:\Users\86136\.openjfx\cache\21-ea+5\amd64\vcruntime140.dll
0x00007ffb452c0000 - 0x00007ffb452cc000 	C:\Users\86136\.openjfx\cache\21-ea+5\amd64\vcruntime140_1.dll
0x00007ffb2b2a0000 - 0x00007ffb2b32e000 	C:\Users\86136\.openjfx\cache\21-ea+5\amd64\msvcp140.dll
0x00007ffb43420000 - 0x00007ffb43429000 	C:\Users\86136\.openjfx\cache\21-ea+5\amd64\msvcp140_1.dll
0x00007ffb36e90000 - 0x00007ffb36ec0000 	C:\Users\86136\.openjfx\cache\21-ea+5\amd64\msvcp140_2.dll
0x00007ffb34f90000 - 0x00007ffb34fbf000 	C:\Users\86136\.openjfx\cache\21-ea+5\amd64\prism_d3d.dll
0x00007ffb11df0000 - 0x00007ffb11fbd000 	C:\WINDOWS\system32\d3d9.dll
0x00007ffb4b7a0000 - 0x00007ffb4b7cf000 	C:\WINDOWS\SYSTEM32\dwmapi.dll
0x00007ffb4b590000 - 0x00007ffb4b62e000 	C:\WINDOWS\system32\uxtheme.dll
0x00007ffaf0e00000 - 0x00007ffaf0f65000 	C:\WINDOWS\System32\DriverStore\FileRepository\iigd_dch.inf_amd64_1d8c0a4a248c0ba9\igdumdim64.dll
0x00007ffb4e970000 - 0x00007ffb4ea9a000 	C:\WINDOWS\System32\ole32.dll
0x00007ffae39a0000 - 0x00007ffae819d000 	C:\WINDOWS\System32\DriverStore\FileRepository\iigd_dch.inf_amd64_1d8c0a4a248c0ba9\igd9dxva64.dll
0x00007ffb4f780000 - 0x00007ffb4f84d000 	C:\WINDOWS\System32\OLEAUT32.dll
0x00007ffb4eac0000 - 0x00007ffb4ef28000 	C:\WINDOWS\System32\SETUPAPI.dll
0x00007ffb4df70000 - 0x00007ffb4dfbe000 	C:\WINDOWS\System32\cfgmgr32.dll
0x00007ffb42c30000 - 0x00007ffb42e87000 	C:\WINDOWS\System32\DriverStore\FileRepository\iigd_dch.inf_amd64_1d8c0a4a248c0ba9\igdgmm64.dll
0x00007ffb34f40000 - 0x00007ffb34f82000 	C:\Users\86136\.openjfx\cache\21-ea+5\amd64\glass.dll
0x00007ffb4fa90000 - 0x00007ffb4fb6a000 	C:\WINDOWS\System32\COMDLG32.dll
0x00007ffb4f4f0000 - 0x00007ffb4f604000 	C:\WINDOWS\System32\MSCTF.dll
0x00007ffb1ef70000 - 0x00007ffb1ef97000 	C:\WINDOWS\System32\DriverStore\FileRepository\iigd_dch.inf_amd64_1d8c0a4a248c0ba9\igdinfo64.dll
0x00007ffb4d900000 - 0x00007ffb4d918000 	C:\WINDOWS\SYSTEM32\CRYPTSP.dll
0x00007ffb4cfb0000 - 0x00007ffb4cfe4000 	C:\WINDOWS\system32\rsaenh.dll
0x00007ffb4d8f0000 - 0x00007ffb4d8fc000 	C:\WINDOWS\SYSTEM32\CRYPTBASE.dll
0x00007ffb3fed0000 - 0x00007ffb42ae9000 	C:\WINDOWS\System32\DriverStore\FileRepository\iigd_dch.inf_amd64_1d8c0a4a248c0ba9\igc64.dll
0x00007ffb45c20000 - 0x00007ffb45c5b000 	C:\WINDOWS\SYSTEM32\dxcore.dll
0x00007ffb38d50000 - 0x00007ffb38d64000 	C:\Users\86136\.openjfx\cache\21-ea+5\amd64\javafx_font.dll

dbghelp: loaded successfully - version: 4.0.5 - missing functions: none
symbol engine: initialized successfully - sym options: 0x614 - pdb path: .;D:\edit-edenvironment\jdk17\bin;C:\WINDOWS\SYSTEM32;C:\WINDOWS\WinSxS\amd64_microsoft.windows.common-controls_6595b64144ccf1df_6.0.19041.1110_none_60b5254171f9507e;D:\edit-edenvironment\jdk17\bin\server;C:\Users\86136\.openjfx\cache\21-ea+5\amd64;C:\WINDOWS\System32\DriverStore\FileRepository\iigd_dch.inf_amd64_1d8c0a4a248c0ba9;C:\Program Files\Common Files\Microsoft Shared\Ink

VM Arguments:
jvm_args: -agentlib:jdwp=transport=dt_socket,address=127.0.0.1:9269,suspend=y,server=n -javaagent:C:\Users\86136\AppData\Local\JetBrains\IntelliJIdea2021.3\captureAgent\debugger-agent.jar -Dfile.encoding=UTF-8 --module-path=C:\Users\86136\.m2\repository\com\neovisionaries\nv-websocket-client\2.14\nv-websocket-client-2.14.jar;C:\Users\86136\.m2\repository\org\apache\logging\log4j\log4j-api\2.20.0\log4j-api-2.20.0.jar;C:\Users\86136\.m2\repository\org\openjfx\javafx-base\21-ea+5\javafx-base-21-ea+5-win.jar;C:\Users\86136\.m2\repository\org\openjfx\javafx-controls\21-ea+5\javafx-controls-21-ea+5-win.jar;D:\code\java\Tetrecs_new\target\classes;C:\Users\86136\.m2\repository\org\openjfx\javafx-fxml\21-ea+5\javafx-fxml-21-ea+5-win.jar;C:\Users\86136\.m2\repository\org\openjfx\javafx-graphics\21-ea+5\javafx-graphics-21-ea+5-win.jar;C:\Users\86136\.m2\repository\org\openjfx\javafx-media\21-ea+5\javafx-media-21-ea+5-win.jar -Djdk.module.main=uk.ac.soton.comp1206 
java_command: uk.ac.soton.comp1206/uk.ac.soton.comp1206.Launcher
java_class_path (initial): C:\Users\86136\.m2\repository\org\openjfx\javafx-controls\21-ea+5\javafx-controls-21-ea+5.jar;C:\Users\86136\.m2\repository\org\openjfx\javafx-graphics\21-ea+5\javafx-graphics-21-ea+5.jar;C:\Users\86136\.m2\repository\org\openjfx\javafx-base\21-ea+5\javafx-base-21-ea+5.jar;C:\Users\86136\.m2\repository\org\openjfx\javafx-fxml\21-ea+5\javafx-fxml-21-ea+5.jar;C:\Users\86136\.m2\repository\org\openjfx\javafx-media\21-ea+5\javafx-media-21-ea+5.jar;C:\Users\86136\.m2\repository\org\apache\logging\log4j\log4j-core\2.20.0\log4j-core-2.20.0.jar;D:\Program Files\JetBrains\IntelliJ IDEA 2021.3\lib\idea_rt.jar
Launcher Type: SUN_STANDARD

[Global flags]
     intx CICompilerCount                          = 4                                         {product} {ergonomic}
     uint ConcGCThreads                            = 2                                         {product} {ergonomic}
     uint G1ConcRefinementThreads                  = 8                                         {product} {ergonomic}
   size_t G1HeapRegionSize                         = 1048576                                   {product} {ergonomic}
    uintx GCDrainStackTargetSize                   = 64                                        {product} {ergonomic}
   size_t InitialHeapSize                          = 130023424                                 {product} {ergonomic}
   size_t MarkStackSize                            = 4194304                                   {product} {ergonomic}
   size_t MaxHeapSize                              = 2069889024                                {product} {ergonomic}
   size_t MaxNewSize                               = 1241513984                                {product} {ergonomic}
   size_t MinHeapDeltaBytes                        = 1048576                                   {product} {ergonomic}
   size_t MinHeapSize                              = 8388608                                   {product} {ergonomic}
    uintx NonNMethodCodeHeapSize                   = 5839372                                {pd product} {ergonomic}
    uintx NonProfiledCodeHeapSize                  = 122909434                              {pd product} {ergonomic}
    uintx ProfiledCodeHeapSize                     = 122909434                              {pd product} {ergonomic}
    uintx ReservedCodeCacheSize                    = 251658240                              {pd product} {ergonomic}
     bool SegmentedCodeCache                       = true                                      {product} {ergonomic}
   size_t SoftMaxHeapSize                          = 2069889024                             {manageable} {ergonomic}
     bool UseCompressedClassPointers               = true                           {product lp64_product} {ergonomic}
     bool UseCompressedOops                        = true                           {product lp64_product} {ergonomic}
     bool UseG1GC                                  = true                                      {product} {ergonomic}
     bool UseLargePagesIndividualAllocation        = false                                  {pd product} {ergonomic}

Logging:
Log output configuration:
 #0: stdout all=warning uptime,level,tags
 #1: stderr all=off uptime,level,tags

Environment Variables:
JAVA_HOME=D:\edit-edenvironment\jdk17
CLASSPATH=.;D:\edit-edenvironment\jdk17\lib;D:\edit-edenvironment\jdk17\lib\tools.jar;D:\edit-edenvironment\jdk17\lib\dt.jar
PATH=C:\WINDOWS\system32;C:\WINDOWS;C:\WINDOWS\System32\Wbem;C:\WINDOWS\System32\WindowsPowerShell\v1.0\;C:\WINDOWS\System32\OpenSSH\;C:\Qt\Qt5.9.0\5.9\mingw53_32\bin\;D:\Program_Files\Git\cmd;%CATALINA_HOME%\lib;%CATALINA_HOME%\bin;D:\edit-edenvironment\jdk17\bin;D:\Program_Files\mysql-8.0.31-winx64\bin;D:\edit-edenvironment\mingw64\bin;D:\Program Files\Python3.10.0\Scripts\;D:\Program Files\Python3.10.0\;C:\Users\86136\AppData\Local\Microsoft\WindowsApps;D:\Program Files\JetBrains\CLion 2021.3\bin;;D:\Program Files\JetBrains\IntelliJ IDEA Community Edition 2021.2.3\bin;;D:\Program Files\JetBrains\PyCharm Community Edition 2021.2.3\bin;;D:\Program Files\JetBrains\PyCharm 2022.1.3\bin;;D:\Program_Files\Tencent\QQGame\Hall.57821\;D:\Program_Files\mysql-8.0.31-winx64\bin;
USERNAME=86136
OS=Windows_NT
PROCESSOR_IDENTIFIER=Intel64 Family 6 Model 126 Stepping 5, GenuineIntel
TMP=C:\Users\86136\AppData\Local\Temp
TEMP=C:\Users\86136\AppData\Local\Temp



---------------  S Y S T E M  ---------------

OS:
 Windows 10 , 64 bit Build 19041 (10.0.19041.2788)
OS uptime: 0 days 3:23 hours

CPU: total 8 (initial active 8) (4 cores per cpu, 2 threads per core) family 6 model 126 stepping 5 microcode 0x70, cx8, cmov, fxsr, ht, mmx, 3dnowpref, sse, sse2, sse3, ssse3, sse4.1, sse4.2, popcnt, lzcnt, tsc, tscinvbit, avx, avx2, aes, erms, clmul, bmi1, bmi2, adx, avx512f, avx512dq, avx512cd, avx512bw, avx512vl, sha, fma, vzeroupper, avx512_vpopcntdq, avx512_vpclmulqdq, avx512_vaes, avx512_vnni, clflush, clflushopt, avx512_vbmi2, avx512_vbmi

Memory: 4k page, system-wide physical 7894M (423M free)
TotalPageFile size 14806M (AvailPageFile size 3680M)
current process WorkingSet (physical memory assigned to process): 396M, peak: 410M
current process commit charge ("private bytes"): 447M, peak: 465M

vm_info: OpenJDK 64-Bit Server VM (17.0.4.1+9-LTS) for windows-amd64 JRE (17.0.4.1+9-LTS), built on Aug 12 2022 17:33:36 by "Administrator" with MS VC++ 15.9 (VS2017)

END.
